Using pre-set license
Built from '2021.3/staging' branch; Version is '2021.3.11f1 (0a5ca18544bf) revision 679073'; Using compiler version '192829333'; Build Type 'Release'
OS: 'Windows 10  (10.0.19045) 64bit Core' Language: 'es' Physical Memory: 16310 MB
BatchMode: 1, IsHumanControllingUs: 0, StartBugReporterOnCrash: 0, Is64bit: 1, IsPro: 1

COMMAND LINE ARGUMENTS:
C:\Program Files\Unity\Hub\Editor\2021.3.11f1\Editor\Unity.exe
-adb2
-batchMode
-noUpm
-name
AssetImportWorker5
-projectPath
D:/Inside Dark Studios/De 0/MOBA/My project
-logFile
Logs/AssetImportWorker5.log
-srvPort
52130
Successfully changed project path to: D:/Inside Dark Studios/De 0/MOBA/My project
D:/Inside Dark Studios/De 0/MOBA/My project
[UnityMemory] Configuration Parameters - Can be set up in boot.config
    "memorysetup-bucket-allocator-granularity=16"
    "memorysetup-bucket-allocator-bucket-count=8"
    "memorysetup-bucket-allocator-block-size=33554432"
    "memorysetup-bucket-allocator-block-count=8"
    "memorysetup-main-allocator-block-size=16777216"
    "memorysetup-thread-allocator-block-size=16777216"
    "memorysetup-gfx-main-allocator-block-size=16777216"
    "memorysetup-gfx-thread-allocator-block-size=16777216"
    "memorysetup-cache-allocator-block-size=4194304"
    "memorysetup-typetree-allocator-block-size=2097152"
    "memorysetup-profiler-bucket-allocator-granularity=16"
    "memorysetup-profiler-bucket-allocator-bucket-count=8"
    "memorysetup-profiler-bucket-allocator-block-size=33554432"
    "memorysetup-profiler-bucket-allocator-block-count=8"
    "memorysetup-profiler-allocator-block-size=16777216"
    "memorysetup-profiler-editor-allocator-block-size=1048576"
    "memorysetup-temp-allocator-size-main=16777216"
    "memorysetup-job-temp-allocator-block-size=2097152"
    "memorysetup-job-temp-allocator-block-size-background=1048576"
    "memorysetup-job-temp-allocator-reduction-small-platforms=262144"
    "memorysetup-temp-allocator-size-background-worker=32768"
    "memorysetup-temp-allocator-size-job-worker=262144"
    "memorysetup-temp-allocator-size-preload-manager=33554432"
    "memorysetup-temp-allocator-size-nav-mesh-worker=65536"
    "memorysetup-temp-allocator-size-audio-worker=65536"
    "memorysetup-temp-allocator-size-cloud-worker=32768"
    "memorysetup-temp-allocator-size-gi-baking-worker=262144"
    "memorysetup-temp-allocator-size-gfx=262144"
Refreshing native plugins compatible for Editor in 77.36 ms, found 3 plugins.
Preloading 0 native plugins for Editor in 0.00 ms.
Initialize engine version: 2021.3.11f1 (0a5ca18544bf)
[Subsystems] Discovering subsystems at path C:/Program Files/Unity/Hub/Editor/2021.3.11f1/Editor/Data/Resources/UnitySubsystems
[Subsystems] Discovering subsystems at path D:/Inside Dark Studios/De 0/MOBA/My project/Assets
GfxDevice: creating device client; threaded=0; jobified=0
Direct3D:
    Version:  Direct3D 11.0 [level 11.1]
    Renderer: Radeon RX 570 Series (ID=0x67df)
    Vendor:   ATI
    VRAM:     4074 MB
    Driver:   31.0.12027.7000
Initialize mono
Mono path[0] = 'C:/Program Files/Unity/Hub/Editor/2021.3.11f1/Editor/Data/Managed'
Mono path[1] = 'C:/Program Files/Unity/Hub/Editor/2021.3.11f1/Editor/Data/MonoBleedingEdge/lib/mono/unityjit-win32'
Mono config path = 'C:/Program Files/Unity/Hub/Editor/2021.3.11f1/Editor/Data/MonoBleedingEdge/etc'
Using monoOptions --debugger-agent=transport=dt_socket,embedding=1,server=y,suspend=n,address=127.0.0.1:56912
Begin MonoManager ReloadAssembly
Registering precompiled unity dll's ...
Register platform support module: C:/Program Files/Unity/Hub/Editor/2021.3.11f1/Editor/Data/PlaybackEngines/WebGLSupport/UnityEditor.WebGL.Extensions.dll
Register platform support module: C:/Program Files/Unity/Hub/Editor/2021.3.11f1/Editor/Data/PlaybackEngines/WindowsStandaloneSupport/UnityEditor.WindowsStandalone.Extensions.dll
Registered in 0.006377 seconds.
Native extension for WindowsStandalone target not found
Native extension for WebGL target not found
Refreshing native plugins compatible for Editor in 68.39 ms, found 3 plugins.
Preloading 0 native plugins for Editor in 0.00 ms.
Mono: successfully reloaded assembly
- Completed reload, in  0.479 seconds
Domain Reload Profiling:
	ReloadAssembly (479ms)
		BeginReloadAssembly (54ms)
			ExecutionOrderSort (0ms)
			DisableScriptedObjects (0ms)
			BackupInstance (0ms)
			ReleaseScriptingObjects (0ms)
			CreateAndSetChildDomain (0ms)
		EndReloadAssembly (333ms)
			LoadAssemblies (53ms)
			RebuildTransferFunctionScriptingTraits (0ms)
			SetupTypeCache (78ms)
			ReleaseScriptCaches (0ms)
			RebuildScriptCaches (20ms)
			SetupLoadedEditorAssemblies (198ms)
				LogAssemblyErrors (0ms)
				InitializePlatformSupportModulesInManaged (8ms)
				SetLoadedEditorAssemblies (0ms)
				RefreshPlugins (68ms)
				BeforeProcessingInitializeOnLoad (1ms)
				ProcessInitializeOnLoadAttributes (88ms)
				ProcessInitializeOnLoadMethodAttributes (33ms)
				AfterProcessingInitializeOnLoad (0ms)
				EditorAssembliesLoaded (0ms)
			ExecutionOrderSort2 (0ms)
			AwakeInstancesAfterBackupRestoration (0ms)
Platform modules already initialized, skipping
Registering precompiled user dll's ...
Registered in 0.003018 seconds.
Begin MonoManager ReloadAssembly
Symbol file LoadedFromMemory doesn't match image D:\Inside Dark Studios\De 0\MOBA\My project\Library\PackageCache\com.unity.visualscripting@1.7.8\Editor\VisualScripting.Core\Dependencies\YamlDotNet\Unity.VisualScripting.YamlDotNet.dll
Symbol file LoadedFromMemory doesn't match image D:\Inside Dark Studios\De 0\MOBA\My project\Library\PackageCache\com.unity.visualscripting@1.7.8\Editor\VisualScripting.Core\Dependencies\DotNetZip\Unity.VisualScripting.IonicZip.dll
Native extension for WindowsStandalone target not found
Native extension for WebGL target not found
Refreshing native plugins compatible for Editor in 68.31 ms, found 3 plugins.
Preloading 0 native plugins for Editor in 0.00 ms.
Mono: successfully reloaded assembly
- Completed reload, in  0.824 seconds
Domain Reload Profiling:
	ReloadAssembly (825ms)
		BeginReloadAssembly (85ms)
			ExecutionOrderSort (0ms)
			DisableScriptedObjects (4ms)
			BackupInstance (0ms)
			ReleaseScriptingObjects (0ms)
			CreateAndSetChildDomain (16ms)
		EndReloadAssembly (660ms)
			LoadAssemblies (64ms)
			RebuildTransferFunctionScriptingTraits (0ms)
			SetupTypeCache (175ms)
			ReleaseScriptCaches (1ms)
			RebuildScriptCaches (38ms)
			SetupLoadedEditorAssemblies (358ms)
				LogAssemblyErrors (0ms)
				InitializePlatformSupportModulesInManaged (5ms)
				SetLoadedEditorAssemblies (0ms)
				RefreshPlugins (68ms)
				BeforeProcessingInitializeOnLoad (65ms)
				ProcessInitializeOnLoadAttributes (197ms)
				ProcessInitializeOnLoadMethodAttributes (17ms)
				AfterProcessingInitializeOnLoad (6ms)
				EditorAssembliesLoaded (0ms)
			ExecutionOrderSort2 (0ms)
			AwakeInstancesAfterBackupRestoration (4ms)
Platform modules already initialized, skipping
========================================================================
Worker process is ready to serve import requests
Launched and connected shader compiler UnityShaderCompiler.exe after 0.03 seconds
Refreshing native plugins compatible for Editor in 0.77 ms, found 3 plugins.
Preloading 0 native plugins for Editor in 0.00 ms.
Unloading 3839 Unused Serialized files (Serialized files now loaded: 0)
Unloading 30 unused Assets / (114.1 KB). Loaded Objects now: 4331.
Memory consumption went from 151.4 MB to 151.3 MB.
Total: 2.622400 ms (FindLiveObjects: 0.219800 ms CreateObjectMapping: 0.097800 ms MarkObjects: 2.212200 ms  DeleteObjects: 0.091800 ms)

AssetImportParameters requested are different than current active one (requested -> active):
  custom:video-decoder-ogg-theora: a1e56fd34408186e4bbccfd4996cb3dc -> 
  custom:container-muxer-webm: aa71ff27fc2769a1b78a27578f13a17b -> 
  custom:container-demuxer-webm: 4f35f7cbe854078d1ac9338744f61a02 -> 
  custom:video-encoder-webm-vp8: eb34c28f22e8b96e1ab97ce403110664 -> 
  custom:audio-encoder-webm-vorbis: bf7c407c2cedff20999df2af8eb42d56 -> 
  custom:framework-win-MediaFoundation: 216162199b28c13a410421893ffa2e32 -> 
  custom:container-demuxer-ogg: 62fdf1f143b41e24485cea50d1cbac27 -> 
  custom:video-decoder-webm-vp8: 9c59270c3fd7afecdb556c50c9e8de78 -> 
  custom:audio-decoder-ogg-vorbis: bf7c407c2cedff20999df2af8eb42d56 -> 
========================================================================
Received Import Request.
  Time since last request: 82944.443678 seconds.
  path: Assets/GothicUI/Materials/HorizontalHPBar.mat
  artifactKey: Guid(44e479b8fb1d1484fa32e20ce2ef4467) Importer(815301076,1909f56bfc062723c751e8b465ee728b)
Start importing Assets/GothicUI/Materials/HorizontalHPBar.mat using Guid(44e479b8fb1d1484fa32e20ce2ef4467) Importer(815301076,1909f56bfc062723c751e8b465ee728b)  -> (artifact id: '9f1a68f2ef9eb24f5dfff33ef8273e71') in 0.087701 seconds 
========================================================================
Received Import Request.
  Time since last request: 6.086780 seconds.
  path: Assets/GothicUI/Artworks/DescriptionBar.png
  artifactKey: Guid(696660cf962844f41bcc928e09c73b79) Importer(815301076,1909f56bfc062723c751e8b465ee728b)
Start importing Assets/GothicUI/Artworks/DescriptionBar.png using Guid(696660cf962844f41bcc928e09c73b79) Importer(815301076,1909f56bfc062723c751e8b465ee728b)  -> (artifact id: '9f04446476712c5fe67821fa37ce58f3') in 0.039994 seconds 
========================================================================
Received Import Request.
  Time since last request: 0.000017 seconds.
  path: Assets/GothicUI/Artworks/Dialoge_frame.png
  artifactKey: Guid(c554fdfbdaf25784d9c4eb83c40c40b1) Importer(815301076,1909f56bfc062723c751e8b465ee728b)
Start importing Assets/GothicUI/Artworks/Dialoge_frame.png using Guid(c554fdfbdaf25784d9c4eb83c40c40b1) Importer(815301076,1909f56bfc062723c751e8b465ee728b)  -> (artifact id: '97b4ea0a9a087b716a6527e727bc7b78') in 0.018753 seconds 
========================================================================
Received Import Request.
  Time since last request: 0.000015 seconds.
  path: Assets/GothicUI/Artworks/DescriptionBar_6.png
  artifactKey: Guid(40031d9f06bf83b428efbcd4ea0bee10) Importer(815301076,1909f56bfc062723c751e8b465ee728b)
Start importing Assets/GothicUI/Artworks/DescriptionBar_6.png using Guid(40031d9f06bf83b428efbcd4ea0bee10) Importer(815301076,1909f56bfc062723c751e8b465ee728b)  -> (artifact id: '201b94efa05ec4ebb2d69e2f060da9eb') in 0.063655 seconds 
========================================================================
Received Import Request.
  Time since last request: 2.043455 seconds.
  path: Assets/GothicUI/Artworks/Frame_elite_botright.png
  artifactKey: Guid(1052b9046dcfea34c93aa36eb25ea343) Importer(815301076,1909f56bfc062723c751e8b465ee728b)
Start importing Assets/GothicUI/Artworks/Frame_elite_botright.png using Guid(1052b9046dcfea34c93aa36eb25ea343) Importer(815301076,1909f56bfc062723c751e8b465ee728b)  -> (artifact id: 'd8d790c558e64ffdc95816068684dac7') in 0.028445 seconds 
========================================================================
Received Import Request.
  Time since last request: 0.000020 seconds.
  path: Assets/GothicUI/Artworks/Frame_elite_top.png
  artifactKey: Guid(d066a82ea19ca194d84f2b2bf8e0c1db) Importer(815301076,1909f56bfc062723c751e8b465ee728b)
Start importing Assets/GothicUI/Artworks/Frame_elite_top.png using Guid(d066a82ea19ca194d84f2b2bf8e0c1db) Importer(815301076,1909f56bfc062723c751e8b465ee728b)  -> (artifact id: '31b7e6fc5f43088b242c3f322d2cd32b') in 0.021322 seconds 
========================================================================
Received Import Request.
  Time since last request: 0.000025 seconds.
  path: Assets/GothicUI/Artworks/Frame_elite_right.png
  artifactKey: Guid(825b016abc082ee4192ba1170daa98dc) Importer(815301076,1909f56bfc062723c751e8b465ee728b)
Start importing Assets/GothicUI/Artworks/Frame_elite_right.png using Guid(825b016abc082ee4192ba1170daa98dc) Importer(815301076,1909f56bfc062723c751e8b465ee728b)  -> (artifact id: 'c055289ab71883b1eb0339f47bd2d186') in 0.012542 seconds 
========================================================================
Received Import Request.
  Time since last request: 0.332646 seconds.
  path: Assets/GothicUI/Artworks/G_Backgroud_wall.png
  artifactKey: Guid(89070bd95c20c5f4fb47b0e6809a8e60) Importer(815301076,1909f56bfc062723c751e8b465ee728b)
Start importing Assets/GothicUI/Artworks/G_Backgroud_wall.png using Guid(89070bd95c20c5f4fb47b0e6809a8e60) Importer(815301076,1909f56bfc062723c751e8b465ee728b)  -> (artifact id: 'b868918046d209d997d24d8b2897081d') in 0.063550 seconds 
========================================================================
Received Import Request.
  Time since last request: 0.000033 seconds.
  path: Assets/GothicUI/Artworks/G_weapon_button.png
  artifactKey: Guid(b820ad1f674b8494e870444095fc42a0) Importer(815301076,1909f56bfc062723c751e8b465ee728b)
Start importing Assets/GothicUI/Artworks/G_weapon_button.png using Guid(b820ad1f674b8494e870444095fc42a0) Importer(815301076,1909f56bfc062723c751e8b465ee728b)  -> (artifact id: 'de8a9a1d789d83bc9f7d9f38de131d2e') in 0.010997 seconds 
========================================================================
Received Import Request.
  Time since last request: 0.000033 seconds.
  path: Assets/GothicUI/Artworks/G_Crystal_button.png
  artifactKey: Guid(6993a08cad15dd746bdc6ede7e9afb9f) Importer(815301076,1909f56bfc062723c751e8b465ee728b)
Start importing Assets/GothicUI/Artworks/G_Crystal_button.png using Guid(6993a08cad15dd746bdc6ede7e9afb9f) Importer(815301076,1909f56bfc062723c751e8b465ee728b)  -> (artifact id: '991310d50c4fd5fc54e9aac47a007dd8') in 0.013402 seconds 
========================================================================
Received Import Request.
  Time since last request: 0.000015 seconds.
  path: Assets/GothicUI/Artworks/G_bottle_button.png
  artifactKey: Guid(6840a8222ce928e46bd5b0ba6166a599) Importer(815301076,1909f56bfc062723c751e8b465ee728b)
Start importing Assets/GothicUI/Artworks/G_bottle_button.png using Guid(6840a8222ce928e46bd5b0ba6166a599) Importer(815301076,1909f56bfc062723c751e8b465ee728b)  -> (artifact id: '9477be55fd70781b8739482549219898') in 0.018846 seconds 
========================================================================
Received Import Request.
  Time since last request: 0.000023 seconds.
  path: Assets/GothicUI/Artworks/G_Food_button.png
  artifactKey: Guid(e4390a7f84ffc484f85a7e1da0f84c2b) Importer(815301076,1909f56bfc062723c751e8b465ee728b)
Start importing Assets/GothicUI/Artworks/G_Food_button.png using Guid(e4390a7f84ffc484f85a7e1da0f84c2b) Importer(815301076,1909f56bfc062723c751e8b465ee728b)  -> (artifact id: 'd5591aefe970010344ddd09619ff9a85') in 0.012949 seconds 
========================================================================
Received Import Request.
  Time since last request: 0.000016 seconds.
  path: Assets/GothicUI/Artworks/G_Key_button.png
  artifactKey: Guid(f28eea9c2b41b4643be299ffb18e1677) Importer(815301076,1909f56bfc062723c751e8b465ee728b)
Start importing Assets/GothicUI/Artworks/G_Key_button.png using Guid(f28eea9c2b41b4643be299ffb18e1677) Importer(815301076,1909f56bfc062723c751e8b465ee728b)  -> (artifact id: 'e122cdabd727123c6b6953b8edbe085e') in 0.015210 seconds 
========================================================================
Received Import Request.
  Time since last request: 0.000015 seconds.
  path: Assets/GothicUI/Artworks/G_Line_Dark.png
  artifactKey: Guid(86cc090d9c48c0548a2fea325a3419a1) Importer(815301076,1909f56bfc062723c751e8b465ee728b)
Start importing Assets/GothicUI/Artworks/G_Line_Dark.png using Guid(86cc090d9c48c0548a2fea325a3419a1) Importer(815301076,1909f56bfc062723c751e8b465ee728b)  -> (artifact id: '6e68fcad48f958f20676960dfa297a6f') in 0.011242 seconds 
========================================================================
Received Import Request.
  Time since last request: 0.000015 seconds.
  path: Assets/GothicUI/Artworks/G_Line_red.png
  artifactKey: Guid(d10e92e1849e8344f8867255a3f4387b) Importer(815301076,1909f56bfc062723c751e8b465ee728b)
Start importing Assets/GothicUI/Artworks/G_Line_red.png using Guid(d10e92e1849e8344f8867255a3f4387b) Importer(815301076,1909f56bfc062723c751e8b465ee728b)  -> (artifact id: 'a6d77aa45822a3b802bad5ae59c26b66') in 0.010694 seconds 
========================================================================
Received Import Request.
  Time since last request: 0.000014 seconds.
  path: Assets/GothicUI/Artworks/G_Line_blue.png
  artifactKey: Guid(f5a97b0e69a4173489bbeb5ae8abdef3) Importer(815301076,1909f56bfc062723c751e8b465ee728b)
Start importing Assets/GothicUI/Artworks/G_Line_blue.png using Guid(f5a97b0e69a4173489bbeb5ae8abdef3) Importer(815301076,1909f56bfc062723c751e8b465ee728b)  -> (artifact id: '33e20bc953470ee67c6d1879c4f770b1') in 0.010032 seconds 
========================================================================
Received Import Request.
  Time since last request: 0.000016 seconds.
  path: Assets/GothicUI/Artworks/G_Icon_button_02.png
  artifactKey: Guid(087ddee7e6098174cafdd3254ef3b02d) Importer(815301076,1909f56bfc062723c751e8b465ee728b)
Start importing Assets/GothicUI/Artworks/G_Icon_button_02.png using Guid(087ddee7e6098174cafdd3254ef3b02d) Importer(815301076,1909f56bfc062723c751e8b465ee728b)  -> (artifact id: 'dda65caa85f26c32cba151adf38e21ba') in 0.012879 seconds 
========================================================================
Received Import Request.
  Time since last request: 0.000016 seconds.
  path: Assets/GothicUI/Artworks/G_bag_button.png
  artifactKey: Guid(de82d5fb33cb207478c0d8f62a902e82) Importer(815301076,1909f56bfc062723c751e8b465ee728b)
Start importing Assets/GothicUI/Artworks/G_bag_button.png using Guid(de82d5fb33cb207478c0d8f62a902e82) Importer(815301076,1909f56bfc062723c751e8b465ee728b)  -> (artifact id: '275634f7ed2d964ab5d726749d35a106') in 0.010949 seconds 
========================================================================
Received Import Request.
  Time since last request: 0.000016 seconds.
  path: Assets/GothicUI/Artworks/G_book_button.png
  artifactKey: Guid(87450adfc928551458d7dc5d48b5488a) Importer(815301076,1909f56bfc062723c751e8b465ee728b)
Start importing Assets/GothicUI/Artworks/G_book_button.png using Guid(87450adfc928551458d7dc5d48b5488a) Importer(815301076,1909f56bfc062723c751e8b465ee728b)  -> (artifact id: '8a95ca480039be2dd057ed631b320ba8') in 0.012185 seconds 
========================================================================
Received Import Request.
  Time since last request: 0.000016 seconds.
  path: Assets/GothicUI/Artworks/G_Looking_button.png
  artifactKey: Guid(b627bc7164fc5d1408d6ca816b2fe4b6) Importer(815301076,1909f56bfc062723c751e8b465ee728b)
Start importing Assets/GothicUI/Artworks/G_Looking_button.png using Guid(b627bc7164fc5d1408d6ca816b2fe4b6) Importer(815301076,1909f56bfc062723c751e8b465ee728b)  -> (artifact id: 'd72b752470f817b3f0f4b0f7dcc84740') in 0.009968 seconds 
========================================================================
Received Import Request.
  Time since last request: 0.000019 seconds.
  path: Assets/GothicUI/Artworks/G_Line_yellow.png
  artifactKey: Guid(71abca51e7ca80f47a051d3bd7eb93a6) Importer(815301076,1909f56bfc062723c751e8b465ee728b)
Start importing Assets/GothicUI/Artworks/G_Line_yellow.png using Guid(71abca51e7ca80f47a051d3bd7eb93a6) Importer(815301076,1909f56bfc062723c751e8b465ee728b)  -> (artifact id: 'df704ee8bd911a8ffd3ef7fc55428a35') in 0.015202 seconds 
========================================================================
Received Import Request.
  Time since last request: 0.000018 seconds.
  path: Assets/GothicUI/Artworks/G_Icon_button_ready.png
  artifactKey: Guid(6a5198b340c870342ac6956df34d92c9) Importer(815301076,1909f56bfc062723c751e8b465ee728b)
Start importing Assets/GothicUI/Artworks/G_Icon_button_ready.png using Guid(6a5198b340c870342ac6956df34d92c9) Importer(815301076,1909f56bfc062723c751e8b465ee728b)  -> (artifact id: 'e2e0e299adac315b4ffbed0f0d5063b7') in 0.015154 seconds 
========================================================================
Received Import Request.
  Time since last request: 0.074320 seconds.
  path: Assets/GothicUI/Artworks/Hp_ampul_Ring.png
  artifactKey: Guid(07f905efd684e964db76d01898d8fff5) Importer(815301076,1909f56bfc062723c751e8b465ee728b)
Start importing Assets/GothicUI/Artworks/Hp_ampul_Ring.png using Guid(07f905efd684e964db76d01898d8fff5) Importer(815301076,1909f56bfc062723c751e8b465ee728b)  -> (artifact id: 'efb382ad3d421f62abc52af77b8c4c3d') in 0.057587 seconds 
========================================================================
Received Import Request.
  Time since last request: 0.000014 seconds.
  path: Assets/GothicUI/Artworks/HPbar_hero_background_02.png
  artifactKey: Guid(1857de19887e15a44b735afaf96a8509) Importer(815301076,1909f56bfc062723c751e8b465ee728b)
Start importing Assets/GothicUI/Artworks/HPbar_hero_background_02.png using Guid(1857de19887e15a44b735afaf96a8509) Importer(815301076,1909f56bfc062723c751e8b465ee728b)  -> (artifact id: '3d29a82baf8b845563e44a3e155b33bb') in 0.045781 seconds 
========================================================================
Received Import Request.
  Time since last request: 0.000015 seconds.
  path: Assets/GothicUI/Artworks/HPbar_hero_background_03.png
  artifactKey: Guid(04fe066b602dcdb41b8cd6e5baf5ecc2) Importer(815301076,1909f56bfc062723c751e8b465ee728b)
Start importing Assets/GothicUI/Artworks/HPbar_hero_background_03.png using Guid(04fe066b602dcdb41b8cd6e5baf5ecc2) Importer(815301076,1909f56bfc062723c751e8b465ee728b)  -> (artifact id: 'a45d3423575cde12131d1755300493e8') in 0.027532 seconds 
========================================================================
Received Import Request.
  Time since last request: 0.000016 seconds.
  path: Assets/GothicUI/Artworks/HPbar_mini_mid_blue.png
  artifactKey: Guid(69e63a463b26fc84f9e0f1ad5832ee3f) Importer(815301076,1909f56bfc062723c751e8b465ee728b)
Start importing Assets/GothicUI/Artworks/HPbar_mini_mid_blue.png using Guid(69e63a463b26fc84f9e0f1ad5832ee3f) Importer(815301076,1909f56bfc062723c751e8b465ee728b)  -> (artifact id: '2fe8f860d6ae90c5ff271a4ad61966e4') in 0.023745 seconds 
========================================================================
Received Import Request.
  Time since last request: 0.000031 seconds.
  path: Assets/GothicUI/Artworks/Inventory_frame2_back2.png
  artifactKey: Guid(8740ff77b3d45a742925ef85d5c1489f) Importer(815301076,1909f56bfc062723c751e8b465ee728b)
Start importing Assets/GothicUI/Artworks/Inventory_frame2_back2.png using Guid(8740ff77b3d45a742925ef85d5c1489f) Importer(815301076,1909f56bfc062723c751e8b465ee728b)  -> (artifact id: '0e4556a83d2e811c0e37a9abdd048126') in 0.017095 seconds 
========================================================================
Received Import Request.
  Time since last request: 0.000016 seconds.
  path: Assets/GothicUI/Artworks/Hp_ampul_Tracery_2.png
  artifactKey: Guid(a58a69ae5ae50f94d8d6df0f11c1cf15) Importer(815301076,1909f56bfc062723c751e8b465ee728b)
Start importing Assets/GothicUI/Artworks/Hp_ampul_Tracery_2.png using Guid(a58a69ae5ae50f94d8d6df0f11c1cf15) Importer(815301076,1909f56bfc062723c751e8b465ee728b)  -> (artifact id: 'd7adac663e1349f3db553713bd1fa1eb') in 0.058865 seconds 
========================================================================
Received Import Request.
  Time since last request: 0.000016 seconds.
  path: Assets/GothicUI/Artworks/Inventory_frame.png
  artifactKey: Guid(b560cd0da4220e64a8742b82906c6d48) Importer(815301076,1909f56bfc062723c751e8b465ee728b)
Start importing Assets/GothicUI/Artworks/Inventory_frame.png using Guid(b560cd0da4220e64a8742b82906c6d48) Importer(815301076,1909f56bfc062723c751e8b465ee728b)  -> (artifact id: '8a982ad58900f323b84cb0ad3d3e8e07') in 0.013534 seconds 
========================================================================
Received Import Request.
  Time since last request: 0.000015 seconds.
  path: Assets/GothicUI/Artworks/HPbar_mini_mid_red.png
  artifactKey: Guid(81817dd5178d9cc429e815025b75858e) Importer(815301076,1909f56bfc062723c751e8b465ee728b)
Start importing Assets/GothicUI/Artworks/HPbar_mini_mid_red.png using Guid(81817dd5178d9cc429e815025b75858e) Importer(815301076,1909f56bfc062723c751e8b465ee728b)  -> (artifact id: 'e4d83c92efb9b3fc4faf24d198dfa1f6') in 0.018451 seconds 
========================================================================
Received Import Request.
  Time since last request: 0.000084 seconds.
  path: Assets/GothicUI/Artworks/HPBAR_ENEMY_BLUE.png
  artifactKey: Guid(379996f3391536a4ba78b488dcc2e73d) Importer(815301076,1909f56bfc062723c751e8b465ee728b)
Start importing Assets/GothicUI/Artworks/HPBAR_ENEMY_BLUE.png using Guid(379996f3391536a4ba78b488dcc2e73d) Importer(815301076,1909f56bfc062723c751e8b465ee728b)  -> (artifact id: '4b5a810a94a6d39d9643ec2b446f74fe') in 0.018378 seconds 
========================================================================
Received Import Request.
  Time since last request: 0.000018 seconds.
  path: Assets/GothicUI/Artworks/Inventory_frame2_ready.png
  artifactKey: Guid(8121b4cbfd876bf4a934040f604f6175) Importer(815301076,1909f56bfc062723c751e8b465ee728b)
Start importing Assets/GothicUI/Artworks/Inventory_frame2_ready.png using Guid(8121b4cbfd876bf4a934040f604f6175) Importer(815301076,1909f56bfc062723c751e8b465ee728b)  -> (artifact id: 'fb3c1cdd1200ac6202a5a6003126189f') in 0.012799 seconds 
========================================================================
Received Import Request.
  Time since last request: 0.063773 seconds.
  path: Assets/GothicUI/Artworks/Inventory_icon_b_arrow.png
  artifactKey: Guid(c5d1589da965a824fa9783fd6945aa0f) Importer(815301076,1909f56bfc062723c751e8b465ee728b)
Start importing Assets/GothicUI/Artworks/Inventory_icon_b_arrow.png using Guid(c5d1589da965a824fa9783fd6945aa0f) Importer(815301076,1909f56bfc062723c751e8b465ee728b)  -> (artifact id: '4696348bf10066b54699d7e76c1f7e7f') in 0.018438 seconds 
========================================================================
Received Import Request.
  Time since last request: 0.000013 seconds.
  path: Assets/GothicUI/Artworks/Inventory_icon_b_Chest.png
  artifactKey: Guid(a2fb61b73ac489b468b2a561d5d03264) Importer(815301076,1909f56bfc062723c751e8b465ee728b)
Start importing Assets/GothicUI/Artworks/Inventory_icon_b_Chest.png using Guid(a2fb61b73ac489b468b2a561d5d03264) Importer(815301076,1909f56bfc062723c751e8b465ee728b)  -> (artifact id: 'f3dffdc7ae52789cc821eec2de109671') in 0.019118 seconds 
========================================================================
Received Import Request.
  Time since last request: 0.000016 seconds.
  path: Assets/GothicUI/Artworks/Inventory_icon_b_Shoulder.png
  artifactKey: Guid(cc70c18e8829b834aa0d1afc256f10cf) Importer(815301076,1909f56bfc062723c751e8b465ee728b)
Start importing Assets/GothicUI/Artworks/Inventory_icon_b_Shoulder.png using Guid(cc70c18e8829b834aa0d1afc256f10cf) Importer(815301076,1909f56bfc062723c751e8b465ee728b)  -> (artifact id: '10602015555fee5bf6cf5f68b8a88868') in 0.028710 seconds 
========================================================================
Received Import Request.
  Time since last request: 0.000016 seconds.
  path: Assets/GothicUI/Artworks/Inventory_icon_b_bracelet.png
  artifactKey: Guid(375ed332e01f3f448938cbecc12f49db) Importer(815301076,1909f56bfc062723c751e8b465ee728b)
Start importing Assets/GothicUI/Artworks/Inventory_icon_b_bracelet.png using Guid(375ed332e01f3f448938cbecc12f49db) Importer(815301076,1909f56bfc062723c751e8b465ee728b)  -> (artifact id: '0acaa4e38bac230c59758bdd710fb38c') in 0.020766 seconds 
========================================================================
Received Import Request.
  Time since last request: 0.000014 seconds.
  path: Assets/GothicUI/Artworks/Inventory_icon_b_Gem.png
  artifactKey: Guid(d3ec9bf37d3e9aa4ca867795df36389a) Importer(815301076,1909f56bfc062723c751e8b465ee728b)
Start importing Assets/GothicUI/Artworks/Inventory_icon_b_Gem.png using Guid(d3ec9bf37d3e9aa4ca867795df36389a) Importer(815301076,1909f56bfc062723c751e8b465ee728b)  -> (artifact id: '7ac4f814b1cbc357612b764e253b48d6') in 0.014936 seconds 
========================================================================
Received Import Request.
  Time since last request: 0.000019 seconds.
  path: Assets/GothicUI/Artworks/Inventory_icon_b_Weapon.png
  artifactKey: Guid(34c9d38328671d7498f798058f1b05e6) Importer(815301076,1909f56bfc062723c751e8b465ee728b)
Start importing Assets/GothicUI/Artworks/Inventory_icon_b_Weapon.png using Guid(34c9d38328671d7498f798058f1b05e6) Importer(815301076,1909f56bfc062723c751e8b465ee728b)  -> (artifact id: '17bc5d3f0e0a43c46f76dd0576bbb65c') in 0.023181 seconds 
========================================================================
Received Import Request.
  Time since last request: 0.000016 seconds.
  path: Assets/GothicUI/Artworks/Inventory_icon_b_ring.png
  artifactKey: Guid(8a3fdd1fc38aa4a48a889c3e73751307) Importer(815301076,1909f56bfc062723c751e8b465ee728b)
Start importing Assets/GothicUI/Artworks/Inventory_icon_b_ring.png using Guid(8a3fdd1fc38aa4a48a889c3e73751307) Importer(815301076,1909f56bfc062723c751e8b465ee728b)  -> (artifact id: '64dc5b022dc0c88b41282601dd76555d') in 0.013666 seconds 
========================================================================
Received Import Request.
  Time since last request: 0.140507 seconds.
  path: Assets/GothicUI/Artworks/Little_Button.png
  artifactKey: Guid(20e2fefb2718e4742bb6e41ed2d21d60) Importer(815301076,1909f56bfc062723c751e8b465ee728b)
Start importing Assets/GothicUI/Artworks/Little_Button.png using Guid(20e2fefb2718e4742bb6e41ed2d21d60) Importer(815301076,1909f56bfc062723c751e8b465ee728b)  -> (artifact id: '69863be49065ff523a0e1076e1c90e82') in 0.025813 seconds 
========================================================================
Received Import Request.
  Time since last request: 0.000016 seconds.
  path: Assets/GothicUI/Artworks/Loading_line.png
  artifactKey: Guid(4e1498f256dad5b48a27b4824884d840) Importer(815301076,1909f56bfc062723c751e8b465ee728b)
Start importing Assets/GothicUI/Artworks/Loading_line.png using Guid(4e1498f256dad5b48a27b4824884d840) Importer(815301076,1909f56bfc062723c751e8b465ee728b)  -> (artifact id: 'f72f0aff2b6cc05fafdf4b7b7cf8c1e8') in 0.013494 seconds 
========================================================================
Received Import Request.
  Time since last request: 0.000015 seconds.
  path: Assets/GothicUI/Artworks/Map_dot_red.png
  artifactKey: Guid(0383b32f193c32a49b00ff2f419a4b40) Importer(815301076,1909f56bfc062723c751e8b465ee728b)
Start importing Assets/GothicUI/Artworks/Map_dot_red.png using Guid(0383b32f193c32a49b00ff2f419a4b40) Importer(815301076,1909f56bfc062723c751e8b465ee728b)  -> (artifact id: '42e04ce35748aca2427b03981e0636a9') in 0.010369 seconds 
========================================================================
Received Import Request.
  Time since last request: 0.000016 seconds.
  path: Assets/GothicUI/Artworks/Mini_map.png
  artifactKey: Guid(d6e634b9f7f111f4cb11703b0584964f) Importer(815301076,1909f56bfc062723c751e8b465ee728b)
Start importing Assets/GothicUI/Artworks/Mini_map.png using Guid(d6e634b9f7f111f4cb11703b0584964f) Importer(815301076,1909f56bfc062723c751e8b465ee728b)  -> (artifact id: 'bd56bdb0579724f5a4bab6460a4cc783') in 0.021060 seconds 
========================================================================
Received Import Request.
  Time since last request: 0.000017 seconds.
  path: Assets/GothicUI/Artworks/Map_dot_green.png
  artifactKey: Guid(6d84ef00f3f57ac478650dca3fe566ad) Importer(815301076,1909f56bfc062723c751e8b465ee728b)
Start importing Assets/GothicUI/Artworks/Map_dot_green.png using Guid(6d84ef00f3f57ac478650dca3fe566ad) Importer(815301076,1909f56bfc062723c751e8b465ee728b)  -> (artifact id: '7ed1541c3414da9ec99ea78de13b3792') in 0.024677 seconds 
========================================================================
Received Import Request.
  Time since last request: 0.000023 seconds.
  path: Assets/GothicUI/Artworks/Mail_icon.png
  artifactKey: Guid(779a3f393d64c6d408a1553ef0fe7af2) Importer(815301076,1909f56bfc062723c751e8b465ee728b)
Start importing Assets/GothicUI/Artworks/Mail_icon.png using Guid(779a3f393d64c6d408a1553ef0fe7af2) Importer(815301076,1909f56bfc062723c751e8b465ee728b)  -> (artifact id: '22be0d7491aaafeee57c26530aa9f186') in 0.013272 seconds 
========================================================================
Received Import Request.
  Time since last request: 0.000018 seconds.
  path: Assets/GothicUI/Artworks/Moba_hpline.png
  artifactKey: Guid(44f069abb0d6c8c468c9c0980da7c8a5) Importer(815301076,1909f56bfc062723c751e8b465ee728b)
Start importing Assets/GothicUI/Artworks/Moba_hpline.png using Guid(44f069abb0d6c8c468c9c0980da7c8a5) Importer(815301076,1909f56bfc062723c751e8b465ee728b)  -> (artifact id: '6b6d6c8e81397fcf9784d342a7a721f0') in 0.011323 seconds 
========================================================================
Received Import Request.
  Time since last request: 0.000016 seconds.
  path: Assets/GothicUI/Artworks/Map_dot_green2.png
  artifactKey: Guid(78e59649d98b5f54ab0e0167be1d0c84) Importer(815301076,1909f56bfc062723c751e8b465ee728b)
Start importing Assets/GothicUI/Artworks/Map_dot_green2.png using Guid(78e59649d98b5f54ab0e0167be1d0c84) Importer(815301076,1909f56bfc062723c751e8b465ee728b)  -> (artifact id: '8fc794aeec8bb733199d466f0759d94d') in 0.010971 seconds 
========================================================================
Received Import Request.
  Time since last request: 0.195227 seconds.
  path: Assets/GothicUI/Artworks/Moba_map.png
  artifactKey: Guid(bb1bfc9a1f40b0245b74be5eeddcc394) Importer(815301076,1909f56bfc062723c751e8b465ee728b)
Start importing Assets/GothicUI/Artworks/Moba_map.png using Guid(bb1bfc9a1f40b0245b74be5eeddcc394) Importer(815301076,1909f56bfc062723c751e8b465ee728b)  -> (artifact id: '3ff2effc0312d14c2ec84b7235d66804') in 0.062561 seconds 
========================================================================
Received Import Request.
  Time since last request: 0.000019 seconds.
  path: Assets/GothicUI/Artworks/MP_ampul_Texture.png
  artifactKey: Guid(1e0a67eaaff0fc649978281b8485a41f) Importer(815301076,1909f56bfc062723c751e8b465ee728b)
Start importing Assets/GothicUI/Artworks/MP_ampul_Texture.png using Guid(1e0a67eaaff0fc649978281b8485a41f) Importer(815301076,1909f56bfc062723c751e8b465ee728b)  -> (artifact id: 'f22204162c0b7b0f57ef793650eab944') in 0.059590 seconds 
========================================================================
Received Import Request.
  Time since last request: 0.000015 seconds.
  path: Assets/GothicUI/Artworks/Question_02_G.png
  artifactKey: Guid(2b2d802cfb90c204c9af9c8e1f9bccdc) Importer(815301076,1909f56bfc062723c751e8b465ee728b)
Start importing Assets/GothicUI/Artworks/Question_02_G.png using Guid(2b2d802cfb90c204c9af9c8e1f9bccdc) Importer(815301076,1909f56bfc062723c751e8b465ee728b)  -> (artifact id: '1d02942acfa88c92840fc4103337ae4c') in 0.010115 seconds 
========================================================================
Received Import Request.
  Time since last request: 0.000017 seconds.
  path: Assets/GothicUI/Artworks/pop-up_menu_2.png
  artifactKey: Guid(fc8bd71f5dfb51240b641436a0746931) Importer(815301076,1909f56bfc062723c751e8b465ee728b)
Start importing Assets/GothicUI/Artworks/pop-up_menu_2.png using Guid(fc8bd71f5dfb51240b641436a0746931) Importer(815301076,1909f56bfc062723c751e8b465ee728b)  -> (artifact id: '0042c3e91dc8240b6e92f9af7acf1eb4') in 0.034090 seconds 
========================================================================
Received Import Request.
  Time since last request: 0.000028 seconds.
  path: Assets/GothicUI/Artworks/right_sup_bar.png
  artifactKey: Guid(bcbf939f4525d6844a24cdbe797ffe2b) Importer(815301076,1909f56bfc062723c751e8b465ee728b)
Start importing Assets/GothicUI/Artworks/right_sup_bar.png using Guid(bcbf939f4525d6844a24cdbe797ffe2b) Importer(815301076,1909f56bfc062723c751e8b465ee728b)  -> (artifact id: '7acb5a29b8c9208b45d75ff8dc8334bd') in 0.024480 seconds 
========================================================================
Received Import Request.
  Time since last request: 0.154564 seconds.
  path: Assets/GothicUI/Artworks/scrollbar_button_lil.png
  artifactKey: Guid(1c6449a8048110f4e8ac177fc2305be2) Importer(815301076,1909f56bfc062723c751e8b465ee728b)
Start importing Assets/GothicUI/Artworks/scrollbar_button_lil.png using Guid(1c6449a8048110f4e8ac177fc2305be2) Importer(815301076,1909f56bfc062723c751e8b465ee728b)  -> (artifact id: '546137b0b7140288f6c3f9550093727b') in 0.024854 seconds 
========================================================================
Received Import Request.
  Time since last request: 0.000024 seconds.
  path: Assets/GothicUI/Artworks/skill_bar_RPG.png
  artifactKey: Guid(5bd8e3839d7f7444da2e7ef25f00603c) Importer(815301076,1909f56bfc062723c751e8b465ee728b)
Start importing Assets/GothicUI/Artworks/skill_bar_RPG.png using Guid(5bd8e3839d7f7444da2e7ef25f00603c) Importer(815301076,1909f56bfc062723c751e8b465ee728b)  -> (artifact id: 'c9613ef7f2c35b3a209c6ee02b83e1cf') in 0.055197 seconds 
========================================================================
Received Import Request.
  Time since last request: 0.000023 seconds.
  path: Assets/GothicUI/Artworks/Stand_medium.png
  artifactKey: Guid(bd9d8bf353deb3a43b7232ff539aa51c) Importer(815301076,1909f56bfc062723c751e8b465ee728b)
Start importing Assets/GothicUI/Artworks/Stand_medium.png using Guid(bd9d8bf353deb3a43b7232ff539aa51c) Importer(815301076,1909f56bfc062723c751e8b465ee728b)  -> (artifact id: 'c983f15362de646da9dd62f70f468007') in 0.019108 seconds 
========================================================================
Received Import Request.
  Time since last request: 0.000021 seconds.
  path: Assets/GothicUI/Artworks/skill_bar_mid.png
  artifactKey: Guid(8b7b289fffde23842bdc6d869bd754f5) Importer(815301076,1909f56bfc062723c751e8b465ee728b)
Start importing Assets/GothicUI/Artworks/skill_bar_mid.png using Guid(8b7b289fffde23842bdc6d869bd754f5) Importer(815301076,1909f56bfc062723c751e8b465ee728b)  -> (artifact id: '97b9776b29bc9115789bfc2131e3c4e7') in 0.030797 seconds 
========================================================================
Received Import Request.
  Time since last request: 0.000015 seconds.
  path: Assets/GothicUI/Artworks/scrollbar_button_long.png
  artifactKey: Guid(2086dadfb3fec10469a3310522344198) Importer(815301076,1909f56bfc062723c751e8b465ee728b)
Start importing Assets/GothicUI/Artworks/scrollbar_button_long.png using Guid(2086dadfb3fec10469a3310522344198) Importer(815301076,1909f56bfc062723c751e8b465ee728b)  -> (artifact id: '3ccdcdbc6775846cb41e0301b2a299f8') in 0.017420 seconds 
========================================================================
Received Import Request.
  Time since last request: 0.000019 seconds.
  path: Assets/GothicUI/Artworks/skill_bar_lil.png
  artifactKey: Guid(fabd1dae47f52c843b46cec5c411c040) Importer(815301076,1909f56bfc062723c751e8b465ee728b)
Start importing Assets/GothicUI/Artworks/skill_bar_lil.png using Guid(fabd1dae47f52c843b46cec5c411c040) Importer(815301076,1909f56bfc062723c751e8b465ee728b)  -> (artifact id: '7d3e77a7fca2a9f02f9d9aa587e7bb19') in 0.032144 seconds 
========================================================================
Received Import Request.
  Time since last request: 0.000027 seconds.
  path: Assets/GothicUI/Artworks/scrollbar_lil.png
  artifactKey: Guid(05584e4b20d38184292249359126e291) Importer(815301076,1909f56bfc062723c751e8b465ee728b)
Start importing Assets/GothicUI/Artworks/scrollbar_lil.png using Guid(05584e4b20d38184292249359126e291) Importer(815301076,1909f56bfc062723c751e8b465ee728b)  -> (artifact id: 'fe8f11e38ffaa0394c3d6210409901f1') in 0.029105 seconds 
========================================================================
Received Import Request.
  Time since last request: 0.121411 seconds.
  path: Assets/GothicUI/Artworks/tracery_02.png
  artifactKey: Guid(7b9a92d8fb0c85646ad2f45614e5c22f) Importer(815301076,1909f56bfc062723c751e8b465ee728b)
Start importing Assets/GothicUI/Artworks/tracery_02.png using Guid(7b9a92d8fb0c85646ad2f45614e5c22f) Importer(815301076,1909f56bfc062723c751e8b465ee728b)  -> (artifact id: '5cc2fa3b65ccb7330e2058bc2cf9809b') in 0.023515 seconds 
========================================================================
Received Import Request.
  Time since last request: 0.000022 seconds.
  path: Assets/GothicUI/Artworks/XP_bar_mid.png
  artifactKey: Guid(c2a6398e9cfdc0648899eba3c611e742) Importer(815301076,1909f56bfc062723c751e8b465ee728b)
Start importing Assets/GothicUI/Artworks/XP_bar_mid.png using Guid(c2a6398e9cfdc0648899eba3c611e742) Importer(815301076,1909f56bfc062723c751e8b465ee728b)  -> (artifact id: '93b9d6455f1a2ee8f95ec4b096fa823e') in 0.019155 seconds 
========================================================================
Received Import Request.
  Time since last request: 0.000026 seconds.
  path: Assets/GothicUI/Artworks/XP_bar_lil.png
  artifactKey: Guid(7d95f805187c2e348943bf8c70711f7d) Importer(815301076,1909f56bfc062723c751e8b465ee728b)
Start importing Assets/GothicUI/Artworks/XP_bar_lil.png using Guid(7d95f805187c2e348943bf8c70711f7d) Importer(815301076,1909f56bfc062723c751e8b465ee728b)  -> (artifact id: 'df18c63746ae7de3f58195ed4b07806c') in 0.019638 seconds 
========================================================================
Received Import Request.
  Time since last request: 0.000027 seconds.
  path: Assets/GothicUI/Artworks/XP_bar_long_back.png
  artifactKey: Guid(502fb717259d1374db9535746545a136) Importer(815301076,1909f56bfc062723c751e8b465ee728b)
Start importing Assets/GothicUI/Artworks/XP_bar_long_back.png using Guid(502fb717259d1374db9535746545a136) Importer(815301076,1909f56bfc062723c751e8b465ee728b)  -> (artifact id: '02993e7cba6f29b4514c06507e610070') in 0.021948 seconds 
Editor requested this worker to shutdown with reason: Scaling down because of idle timeout
AssetImportWorker is now disconnected from the server
Process exiting
Exiting without the bug reporter. Application will terminate with return code 0