Using pre-set license
Built from '2021.3/staging' branch; Version is '2021.3.11f1 (0a5ca18544bf) revision 679073'; Using compiler version '192829333'; Build Type 'Release'
OS: 'Windows 10  (10.0.19045) 64bit Core' Language: 'es' Physical Memory: 16310 MB
BatchMode: 1, IsHumanControllingUs: 0, StartBugReporterOnCrash: 0, Is64bit: 1, IsPro: 1

COMMAND LINE ARGUMENTS:
C:\Program Files\Unity\Hub\Editor\2021.3.11f1\Editor\Unity.exe
-adb2
-batchMode
-noUpm
-name
AssetImportWorker2
-projectPath
D:/Inside Dark Studios/De 0/MOBA/My project
-logFile
Logs/AssetImportWorker2.log
-srvPort
64137
Successfully changed project path to: D:/Inside Dark Studios/De 0/MOBA/My project
D:/Inside Dark Studios/De 0/MOBA/My project
[UnityMemory] Configuration Parameters - Can be set up in boot.config
    "memorysetup-bucket-allocator-granularity=16"
    "memorysetup-bucket-allocator-bucket-count=8"
    "memorysetup-bucket-allocator-block-size=33554432"
    "memorysetup-bucket-allocator-block-count=8"
    "memorysetup-main-allocator-block-size=16777216"
    "memorysetup-thread-allocator-block-size=16777216"
    "memorysetup-gfx-main-allocator-block-size=16777216"
    "memorysetup-gfx-thread-allocator-block-size=16777216"
    "memorysetup-cache-allocator-block-size=4194304"
    "memorysetup-typetree-allocator-block-size=2097152"
    "memorysetup-profiler-bucket-allocator-granularity=16"
    "memorysetup-profiler-bucket-allocator-bucket-count=8"
    "memorysetup-profiler-bucket-allocator-block-size=33554432"
    "memorysetup-profiler-bucket-allocator-block-count=8"
    "memorysetup-profiler-allocator-block-size=16777216"
    "memorysetup-profiler-editor-allocator-block-size=1048576"
    "memorysetup-temp-allocator-size-main=16777216"
    "memorysetup-job-temp-allocator-block-size=2097152"
    "memorysetup-job-temp-allocator-block-size-background=1048576"
    "memorysetup-job-temp-allocator-reduction-small-platforms=262144"
    "memorysetup-temp-allocator-size-background-worker=32768"
    "memorysetup-temp-allocator-size-job-worker=262144"
    "memorysetup-temp-allocator-size-preload-manager=33554432"
    "memorysetup-temp-allocator-size-nav-mesh-worker=65536"
    "memorysetup-temp-allocator-size-audio-worker=65536"
    "memorysetup-temp-allocator-size-cloud-worker=32768"
    "memorysetup-temp-allocator-size-gi-baking-worker=262144"
    "memorysetup-temp-allocator-size-gfx=262144"
Refreshing native plugins compatible for Editor in 85.23 ms, found 3 plugins.
Preloading 0 native plugins for Editor in 0.00 ms.
Initialize engine version: 2021.3.11f1 (0a5ca18544bf)
[Subsystems] Discovering subsystems at path C:/Program Files/Unity/Hub/Editor/2021.3.11f1/Editor/Data/Resources/UnitySubsystems
[Subsystems] Discovering subsystems at path D:/Inside Dark Studios/De 0/MOBA/My project/Assets
GfxDevice: creating device client; threaded=0; jobified=0
Direct3D:
    Version:  Direct3D 11.0 [level 11.1]
    Renderer: Radeon RX 570 Series (ID=0x67df)
    Vendor:   ATI
    VRAM:     4074 MB
    Driver:   31.0.12027.7000
Initialize mono
Mono path[0] = 'C:/Program Files/Unity/Hub/Editor/2021.3.11f1/Editor/Data/Managed'
Mono path[1] = 'C:/Program Files/Unity/Hub/Editor/2021.3.11f1/Editor/Data/MonoBleedingEdge/lib/mono/unityjit-win32'
Mono config path = 'C:/Program Files/Unity/Hub/Editor/2021.3.11f1/Editor/Data/MonoBleedingEdge/etc'
Using monoOptions --debugger-agent=transport=dt_socket,embedding=1,server=y,suspend=n,address=127.0.0.1:56044
Begin MonoManager ReloadAssembly
Registering precompiled unity dll's ...
Register platform support module: C:/Program Files/Unity/Hub/Editor/2021.3.11f1/Editor/Data/PlaybackEngines/WebGLSupport/UnityEditor.WebGL.Extensions.dll
Register platform support module: C:/Program Files/Unity/Hub/Editor/2021.3.11f1/Editor/Data/PlaybackEngines/WindowsStandaloneSupport/UnityEditor.WindowsStandalone.Extensions.dll
Registered in 0.005754 seconds.
Native extension for WindowsStandalone target not found
Native extension for WebGL target not found
Refreshing native plugins compatible for Editor in 75.03 ms, found 3 plugins.
Preloading 0 native plugins for Editor in 0.00 ms.
Mono: successfully reloaded assembly
- Completed reload, in  0.462 seconds
Domain Reload Profiling:
	ReloadAssembly (462ms)
		BeginReloadAssembly (55ms)
			ExecutionOrderSort (0ms)
			DisableScriptedObjects (0ms)
			BackupInstance (0ms)
			ReleaseScriptingObjects (0ms)
			CreateAndSetChildDomain (1ms)
		EndReloadAssembly (328ms)
			LoadAssemblies (53ms)
			RebuildTransferFunctionScriptingTraits (0ms)
			SetupTypeCache (73ms)
			ReleaseScriptCaches (0ms)
			RebuildScriptCaches (18ms)
			SetupLoadedEditorAssemblies (200ms)
				LogAssemblyErrors (0ms)
				InitializePlatformSupportModulesInManaged (7ms)
				SetLoadedEditorAssemblies (0ms)
				RefreshPlugins (75ms)
				BeforeProcessingInitializeOnLoad (1ms)
				ProcessInitializeOnLoadAttributes (87ms)
				ProcessInitializeOnLoadMethodAttributes (31ms)
				AfterProcessingInitializeOnLoad (0ms)
				EditorAssembliesLoaded (0ms)
			ExecutionOrderSort2 (0ms)
			AwakeInstancesAfterBackupRestoration (0ms)
Platform modules already initialized, skipping
Registering precompiled user dll's ...
Registered in 0.002883 seconds.
Begin MonoManager ReloadAssembly
Symbol file LoadedFromMemory doesn't match image D:\Inside Dark Studios\De 0\MOBA\My project\Library\PackageCache\com.unity.visualscripting@1.7.8\Editor\VisualScripting.Core\Dependencies\YamlDotNet\Unity.VisualScripting.YamlDotNet.dll
Symbol file LoadedFromMemory doesn't match image D:\Inside Dark Studios\De 0\MOBA\My project\Library\PackageCache\com.unity.visualscripting@1.7.8\Editor\VisualScripting.Core\Dependencies\DotNetZip\Unity.VisualScripting.IonicZip.dll
Native extension for WindowsStandalone target not found
Native extension for WebGL target not found
Refreshing native plugins compatible for Editor in 76.07 ms, found 3 plugins.
Preloading 0 native plugins for Editor in 0.00 ms.
Mono: successfully reloaded assembly
- Completed reload, in  0.831 seconds
Domain Reload Profiling:
	ReloadAssembly (831ms)
		BeginReloadAssembly (81ms)
			ExecutionOrderSort (0ms)
			DisableScriptedObjects (4ms)
			BackupInstance (0ms)
			ReleaseScriptingObjects (0ms)
			CreateAndSetChildDomain (16ms)
		EndReloadAssembly (670ms)
			LoadAssemblies (59ms)
			RebuildTransferFunctionScriptingTraits (0ms)
			SetupTypeCache (177ms)
			ReleaseScriptCaches (1ms)
			RebuildScriptCaches (35ms)
			SetupLoadedEditorAssemblies (371ms)
				LogAssemblyErrors (0ms)
				InitializePlatformSupportModulesInManaged (4ms)
				SetLoadedEditorAssemblies (0ms)
				RefreshPlugins (76ms)
				BeforeProcessingInitializeOnLoad (61ms)
				ProcessInitializeOnLoadAttributes (206ms)
				ProcessInitializeOnLoadMethodAttributes (17ms)
				AfterProcessingInitializeOnLoad (6ms)
				EditorAssembliesLoaded (0ms)
			ExecutionOrderSort2 (0ms)
			AwakeInstancesAfterBackupRestoration (4ms)
Platform modules already initialized, skipping
========================================================================
Worker process is ready to serve import requests
Launched and connected shader compiler UnityShaderCompiler.exe after 0.03 seconds
Refreshing native plugins compatible for Editor in 1.02 ms, found 3 plugins.
Preloading 0 native plugins for Editor in 0.00 ms.
Unloading 3904 Unused Serialized files (Serialized files now loaded: 0)
Unloading 27 unused Assets / (30.2 KB). Loaded Objects now: 4406.
Memory consumption went from 233.9 MB to 233.9 MB.
Total: 2.626400 ms (FindLiveObjects: 0.211700 ms CreateObjectMapping: 0.099100 ms MarkObjects: 2.294600 ms  DeleteObjects: 0.020400 ms)

AssetImportParameters requested are different than current active one (requested -> active):
  custom:video-decoder-ogg-theora: a1e56fd34408186e4bbccfd4996cb3dc -> 
  custom:container-muxer-webm: aa71ff27fc2769a1b78a27578f13a17b -> 
  custom:container-demuxer-webm: 4f35f7cbe854078d1ac9338744f61a02 -> 
  custom:video-encoder-webm-vp8: eb34c28f22e8b96e1ab97ce403110664 -> 
  custom:audio-encoder-webm-vorbis: bf7c407c2cedff20999df2af8eb42d56 -> 
  custom:framework-win-MediaFoundation: 216162199b28c13a410421893ffa2e32 -> 
  custom:container-demuxer-ogg: 62fdf1f143b41e24485cea50d1cbac27 -> 
  custom:video-decoder-webm-vp8: 9c59270c3fd7afecdb556c50c9e8de78 -> 
  custom:audio-decoder-ogg-vorbis: bf7c407c2cedff20999df2af8eb42d56 -> 
========================================================================
Received Import Request.
  Time since last request: 71093.707841 seconds.
  path: Assets/MobaGame/GamePrefabs/Jungle/Harpy/Animator/Harpy.controller
  artifactKey: Guid(c113e63400e3de14eb40d4d645a09ee5) Importer(815301076,1909f56bfc062723c751e8b465ee728b)
Start importing Assets/MobaGame/GamePrefabs/Jungle/Harpy/Animator/Harpy.controller using Guid(c113e63400e3de14eb40d4d645a09ee5) Importer(815301076,1909f56bfc062723c751e8b465ee728b)  -> (artifact id: '020c6c88472a03fd046a2c219dcee676') in 0.036778 seconds 
========================================================================
Received Prepare
Registering precompiled user dll's ...
Registered in 0.003740 seconds.
Begin MonoManager ReloadAssembly
Symbol file LoadedFromMemory doesn't match image D:\Inside Dark Studios\De 0\MOBA\My project\Library\PackageCache\com.unity.visualscripting@1.7.8\Editor\VisualScripting.Core\Dependencies\YamlDotNet\Unity.VisualScripting.YamlDotNet.dll
Symbol file LoadedFromMemory doesn't match image D:\Inside Dark Studios\De 0\MOBA\My project\Library\PackageCache\com.unity.visualscripting@1.7.8\Editor\VisualScripting.Core\Dependencies\DotNetZip\Unity.VisualScripting.IonicZip.dll
Native extension for WindowsStandalone target not found
Native extension for WebGL target not found
Refreshing native plugins compatible for Editor in 1.01 ms, found 3 plugins.
Preloading 0 native plugins for Editor in 0.00 ms.
Mono: successfully reloaded assembly
- Completed reload, in  0.769 seconds
Domain Reload Profiling:
	ReloadAssembly (769ms)
		BeginReloadAssembly (119ms)
			ExecutionOrderSort (0ms)
			DisableScriptedObjects (4ms)
			BackupInstance (0ms)
			ReleaseScriptingObjects (0ms)
			CreateAndSetChildDomain (32ms)
		EndReloadAssembly (583ms)
			LoadAssemblies (72ms)
			RebuildTransferFunctionScriptingTraits (0ms)
			SetupTypeCache (199ms)
			ReleaseScriptCaches (1ms)
			RebuildScriptCaches (27ms)
			SetupLoadedEditorAssemblies (269ms)
				LogAssemblyErrors (0ms)
				InitializePlatformSupportModulesInManaged (11ms)
				SetLoadedEditorAssemblies (0ms)
				RefreshPlugins (1ms)
				BeforeProcessingInitializeOnLoad (49ms)
				ProcessInitializeOnLoadAttributes (179ms)
				ProcessInitializeOnLoadMethodAttributes (22ms)
				AfterProcessingInitializeOnLoad (6ms)
				EditorAssembliesLoaded (0ms)
			ExecutionOrderSort2 (0ms)
			AwakeInstancesAfterBackupRestoration (4ms)
Platform modules already initialized, skipping
Refreshing native plugins compatible for Editor in 2.21 ms, found 3 plugins.
Preloading 0 native plugins for Editor in 0.00 ms.
Unloading 3875 Unused Serialized files (Serialized files now loaded: 0)
Unloading 19 unused Assets / (24.7 KB). Loaded Objects now: 4410.
Memory consumption went from 231.4 MB to 231.3 MB.
Total: 2.736100 ms (FindLiveObjects: 0.277600 ms CreateObjectMapping: 0.086500 ms MarkObjects: 2.351900 ms  DeleteObjects: 0.019300 ms)

AssetImportParameters requested are different than current active one (requested -> active):
  custom:video-decoder-ogg-theora: a1e56fd34408186e4bbccfd4996cb3dc -> 
  custom:container-muxer-webm: aa71ff27fc2769a1b78a27578f13a17b -> 
  custom:container-demuxer-webm: 4f35f7cbe854078d1ac9338744f61a02 -> 
  custom:video-encoder-webm-vp8: eb34c28f22e8b96e1ab97ce403110664 -> 
  custom:audio-encoder-webm-vorbis: bf7c407c2cedff20999df2af8eb42d56 -> 
  custom:framework-win-MediaFoundation: 216162199b28c13a410421893ffa2e32 -> 
  custom:container-demuxer-ogg: 62fdf1f143b41e24485cea50d1cbac27 -> 
  custom:video-decoder-webm-vp8: 9c59270c3fd7afecdb556c50c9e8de78 -> 
  custom:audio-decoder-ogg-vorbis: bf7c407c2cedff20999df2af8eb42d56 -> 
========================================================================
Received Import Request.
  Time since last request: 78.029861 seconds.
  path: Assets/MobaGame/GamePrefabs/Jungle/Harpy/Harpy01 .prefab
  artifactKey: Guid(39b5c570e80413b4eb83480e5e0a6a84) Importer(815301076,1909f56bfc062723c751e8b465ee728b)
Start importing Assets/MobaGame/GamePrefabs/Jungle/Harpy/Harpy01 .prefab using Guid(39b5c570e80413b4eb83480e5e0a6a84) Importer(815301076,1909f56bfc062723c751e8b465ee728b)  -> (artifact id: '2afe037441b5200ec651e5efc79ce617') in 0.099811 seconds 
========================================================================
Received Import Request.
  Time since last request: 40.164846 seconds.
  path: Assets/MobaGame/GamePrefabs/Jungle/Harpy/Harpy01 .prefab
  artifactKey: Guid(39b5c570e80413b4eb83480e5e0a6a84) Importer(815301076,1909f56bfc062723c751e8b465ee728b)
Start importing Assets/MobaGame/GamePrefabs/Jungle/Harpy/Harpy01 .prefab using Guid(39b5c570e80413b4eb83480e5e0a6a84) Importer(815301076,1909f56bfc062723c751e8b465ee728b)  -> (artifact id: 'aee21713efa76f5711d24ced8b585df9') in 0.024734 seconds 
========================================================================
Received Import Request.
  Time since last request: 0.334907 seconds.
  path: Assets/MobaGame/GamePrefabs/Jungle/Harpy/Harpy01 .prefab
  artifactKey: Guid(39b5c570e80413b4eb83480e5e0a6a84) Importer(815301076,1909f56bfc062723c751e8b465ee728b)
Start importing Assets/MobaGame/GamePrefabs/Jungle/Harpy/Harpy01 .prefab using Guid(39b5c570e80413b4eb83480e5e0a6a84) Importer(815301076,1909f56bfc062723c751e8b465ee728b)  -> (artifact id: '15c57b73fba9803bc3bb59b89d521e07') in 0.018342 seconds 
========================================================================
Received Import Request.
  Time since last request: 3.804162 seconds.
  path: Assets/MobaGame/GamePrefabs/Jungle/Harpy/Harpy01 .prefab
  artifactKey: Guid(39b5c570e80413b4eb83480e5e0a6a84) Importer(815301076,1909f56bfc062723c751e8b465ee728b)
Start importing Assets/MobaGame/GamePrefabs/Jungle/Harpy/Harpy01 .prefab using Guid(39b5c570e80413b4eb83480e5e0a6a84) Importer(815301076,1909f56bfc062723c751e8b465ee728b)  -> (artifact id: '24c07db41f94d9d81352e3d5132215c4') in 0.017374 seconds 
========================================================================
Received Import Request.
  Time since last request: 10.044652 seconds.
  path: Assets/MobaGame/GamePrefabs/Jungle/Harpy/Harpy01 .prefab
  artifactKey: Guid(39b5c570e80413b4eb83480e5e0a6a84) Importer(815301076,1909f56bfc062723c751e8b465ee728b)
Start importing Assets/MobaGame/GamePrefabs/Jungle/Harpy/Harpy01 .prefab using Guid(39b5c570e80413b4eb83480e5e0a6a84) Importer(815301076,1909f56bfc062723c751e8b465ee728b)  -> (artifact id: '2dad1584973dc33b399e0eec4183673b') in 0.018526 seconds 
========================================================================
Received Import Request.
  Time since last request: 15.101236 seconds.
  path: Assets/MobaGame/GamePrefabs/Jungle/Harpy/Harpy01 .prefab
  artifactKey: Guid(39b5c570e80413b4eb83480e5e0a6a84) Importer(815301076,1909f56bfc062723c751e8b465ee728b)
Start importing Assets/MobaGame/GamePrefabs/Jungle/Harpy/Harpy01 .prefab using Guid(39b5c570e80413b4eb83480e5e0a6a84) Importer(815301076,1909f56bfc062723c751e8b465ee728b)  -> (artifact id: '35889bef5f326f1b3f59dd0d29675b87') in 0.019004 seconds 
========================================================================
Received Import Request.
  Time since last request: 2.193672 seconds.
  path: Assets/MobaGame/GamePrefabs/Jungle/Harpy/Harpy01 .prefab
  artifactKey: Guid(39b5c570e80413b4eb83480e5e0a6a84) Importer(815301076,1909f56bfc062723c751e8b465ee728b)
Start importing Assets/MobaGame/GamePrefabs/Jungle/Harpy/Harpy01 .prefab using Guid(39b5c570e80413b4eb83480e5e0a6a84) Importer(815301076,1909f56bfc062723c751e8b465ee728b)  -> (artifact id: 'ea0724233e375598a0fcec85e65573c6') in 0.018943 seconds 
========================================================================
Received Import Request.
  Time since last request: 3.000088 seconds.
  path: Assets/MobaGame/GamePrefabs/Jungle/Harpy/Harpy01 .prefab
  artifactKey: Guid(39b5c570e80413b4eb83480e5e0a6a84) Importer(815301076,1909f56bfc062723c751e8b465ee728b)
Start importing Assets/MobaGame/GamePrefabs/Jungle/Harpy/Harpy01 .prefab using Guid(39b5c570e80413b4eb83480e5e0a6a84) Importer(815301076,1909f56bfc062723c751e8b465ee728b)  -> (artifact id: '9d72aabf3b11b83817760af57c73e4d8') in 0.018216 seconds 
========================================================================
Received Import Request.
  Time since last request: 25.759041 seconds.
  path: Assets/MobaGame/GamePrefabs/Jungle/Harpy/Harpy01 .prefab
  artifactKey: Guid(39b5c570e80413b4eb83480e5e0a6a84) Importer(815301076,1909f56bfc062723c751e8b465ee728b)
Start importing Assets/MobaGame/GamePrefabs/Jungle/Harpy/Harpy01 .prefab using Guid(39b5c570e80413b4eb83480e5e0a6a84) Importer(815301076,1909f56bfc062723c751e8b465ee728b)  -> (artifact id: '9b5a3cec8a64c16b34db8576b58dbda2') in 0.018926 seconds 
========================================================================
Received Import Request.
  Time since last request: 0.784625 seconds.
  path: Assets/MobaGame/GamePrefabs/Jungle/Harpy/Harpy01 .prefab
  artifactKey: Guid(39b5c570e80413b4eb83480e5e0a6a84) Importer(815301076,1909f56bfc062723c751e8b465ee728b)
Start importing Assets/MobaGame/GamePrefabs/Jungle/Harpy/Harpy01 .prefab using Guid(39b5c570e80413b4eb83480e5e0a6a84) Importer(815301076,1909f56bfc062723c751e8b465ee728b)  -> (artifact id: 'a4cd4a97ec946bce90d3fb632c78c5f2') in 0.018985 seconds 
========================================================================
Received Import Request.
  Time since last request: 40.102769 seconds.
  path: Assets/MobaGame/GamePrefabs/Jungle/Harpy/Harpy01 .prefab
  artifactKey: Guid(39b5c570e80413b4eb83480e5e0a6a84) Importer(815301076,1909f56bfc062723c751e8b465ee728b)
Start importing Assets/MobaGame/GamePrefabs/Jungle/Harpy/Harpy01 .prefab using Guid(39b5c570e80413b4eb83480e5e0a6a84) Importer(815301076,1909f56bfc062723c751e8b465ee728b)  -> (artifact id: 'bdc978d8b0a515f2adcb9acc36baf83f') in 0.018677 seconds 
========================================================================
Received Import Request.
  Time since last request: 14.431114 seconds.
  path: Assets/MobaGame/GamePrefabs/Jungle/Harpy/Harpy01 .prefab
  artifactKey: Guid(39b5c570e80413b4eb83480e5e0a6a84) Importer(815301076,1909f56bfc062723c751e8b465ee728b)
Start importing Assets/MobaGame/GamePrefabs/Jungle/Harpy/Harpy01 .prefab using Guid(39b5c570e80413b4eb83480e5e0a6a84) Importer(815301076,1909f56bfc062723c751e8b465ee728b)  -> (artifact id: '5da7f87b78ad801a3d7c5e96386f4340') in 0.018568 seconds 
========================================================================
Received Import Request.
  Time since last request: 2.916006 seconds.
  path: Assets/MobaGame/GamePrefabs/Jungle/Harpy/Harpy01 .prefab
  artifactKey: Guid(39b5c570e80413b4eb83480e5e0a6a84) Importer(815301076,1909f56bfc062723c751e8b465ee728b)
Start importing Assets/MobaGame/GamePrefabs/Jungle/Harpy/Harpy01 .prefab using Guid(39b5c570e80413b4eb83480e5e0a6a84) Importer(815301076,1909f56bfc062723c751e8b465ee728b)  -> (artifact id: '097830b2c37b0186b8042841d36b83f7') in 0.024134 seconds 
========================================================================
Received Import Request.
  Time since last request: 61.677258 seconds.
  path: Assets/MobaGame/GamePrefabs/Jungle/Harpy/Harpy01 .prefab
  artifactKey: Guid(39b5c570e80413b4eb83480e5e0a6a84) Importer(815301076,1909f56bfc062723c751e8b465ee728b)
Start importing Assets/MobaGame/GamePrefabs/Jungle/Harpy/Harpy01 .prefab using Guid(39b5c570e80413b4eb83480e5e0a6a84) Importer(815301076,1909f56bfc062723c751e8b465ee728b)  -> (artifact id: 'b2cf08ab8f4691d7c25ce67be0197770') in 0.018639 seconds 
========================================================================
Received Prepare
Registering precompiled user dll's ...
Registered in 0.002742 seconds.
Begin MonoManager ReloadAssembly
Symbol file LoadedFromMemory doesn't match image D:\Inside Dark Studios\De 0\MOBA\My project\Library\PackageCache\com.unity.visualscripting@1.7.8\Editor\VisualScripting.Core\Dependencies\YamlDotNet\Unity.VisualScripting.YamlDotNet.dll
Symbol file LoadedFromMemory doesn't match image D:\Inside Dark Studios\De 0\MOBA\My project\Library\PackageCache\com.unity.visualscripting@1.7.8\Editor\VisualScripting.Core\Dependencies\DotNetZip\Unity.VisualScripting.IonicZip.dll
Native extension for WindowsStandalone target not found
Native extension for WebGL target not found
Refreshing native plugins compatible for Editor in 0.93 ms, found 3 plugins.
Preloading 0 native plugins for Editor in 0.00 ms.
Mono: successfully reloaded assembly
- Completed reload, in  0.735 seconds
Domain Reload Profiling:
	ReloadAssembly (735ms)
		BeginReloadAssembly (108ms)
			ExecutionOrderSort (0ms)
			DisableScriptedObjects (4ms)
			BackupInstance (0ms)
			ReleaseScriptingObjects (0ms)
			CreateAndSetChildDomain (32ms)
		EndReloadAssembly (559ms)
			LoadAssemblies (62ms)
			RebuildTransferFunctionScriptingTraits (0ms)
			SetupTypeCache (189ms)
			ReleaseScriptCaches (1ms)
			RebuildScriptCaches (28ms)
			SetupLoadedEditorAssemblies (253ms)
				LogAssemblyErrors (0ms)
				InitializePlatformSupportModulesInManaged (10ms)
				SetLoadedEditorAssemblies (0ms)
				RefreshPlugins (1ms)
				BeforeProcessingInitializeOnLoad (42ms)
				ProcessInitializeOnLoadAttributes (173ms)
				ProcessInitializeOnLoadMethodAttributes (20ms)
				AfterProcessingInitializeOnLoad (6ms)
				EditorAssembliesLoaded (0ms)
			ExecutionOrderSort2 (0ms)
			AwakeInstancesAfterBackupRestoration (5ms)
Platform modules already initialized, skipping
Refreshing native plugins compatible for Editor in 2.15 ms, found 3 plugins.
Preloading 0 native plugins for Editor in 0.00 ms.
Unloading 3875 Unused Serialized files (Serialized files now loaded: 0)
Unloading 19 unused Assets / (24.8 KB). Loaded Objects now: 4421.
Memory consumption went from 248.5 MB to 248.4 MB.
Total: 2.561100 ms (FindLiveObjects: 0.243300 ms CreateObjectMapping: 0.080000 ms MarkObjects: 2.219500 ms  DeleteObjects: 0.017500 ms)

AssetImportParameters requested are different than current active one (requested -> active):
  custom:video-decoder-ogg-theora: a1e56fd34408186e4bbccfd4996cb3dc -> 
  custom:container-muxer-webm: aa71ff27fc2769a1b78a27578f13a17b -> 
  custom:container-demuxer-webm: 4f35f7cbe854078d1ac9338744f61a02 -> 
  custom:video-encoder-webm-vp8: eb34c28f22e8b96e1ab97ce403110664 -> 
  custom:audio-encoder-webm-vorbis: bf7c407c2cedff20999df2af8eb42d56 -> 
  custom:framework-win-MediaFoundation: 216162199b28c13a410421893ffa2e32 -> 
  custom:container-demuxer-ogg: 62fdf1f143b41e24485cea50d1cbac27 -> 
  custom:video-decoder-webm-vp8: 9c59270c3fd7afecdb556c50c9e8de78 -> 
  custom:audio-decoder-ogg-vorbis: bf7c407c2cedff20999df2af8eb42d56 -> 
========================================================================
Received Import Request.
  Time since last request: 28.201585 seconds.
  path: Assets/MobaGame/GamePrefabs/Jungle/Harpy/Harpy01 .prefab
  artifactKey: Guid(39b5c570e80413b4eb83480e5e0a6a84) Importer(815301076,1909f56bfc062723c751e8b465ee728b)
Start importing Assets/MobaGame/GamePrefabs/Jungle/Harpy/Harpy01 .prefab using Guid(39b5c570e80413b4eb83480e5e0a6a84) Importer(815301076,1909f56bfc062723c751e8b465ee728b)  -> (artifact id: 'e6ff8cc456a7d43a83291fe929da5bac') in 0.066043 seconds 
========================================================================
Received Prepare
Registering precompiled user dll's ...
Registered in 0.003361 seconds.
Begin MonoManager ReloadAssembly
Symbol file LoadedFromMemory doesn't match image D:\Inside Dark Studios\De 0\MOBA\My project\Library\PackageCache\com.unity.visualscripting@1.7.8\Editor\VisualScripting.Core\Dependencies\YamlDotNet\Unity.VisualScripting.YamlDotNet.dll
Symbol file LoadedFromMemory doesn't match image D:\Inside Dark Studios\De 0\MOBA\My project\Library\PackageCache\com.unity.visualscripting@1.7.8\Editor\VisualScripting.Core\Dependencies\DotNetZip\Unity.VisualScripting.IonicZip.dll
Native extension for WindowsStandalone target not found
Native extension for WebGL target not found
Refreshing native plugins compatible for Editor in 0.97 ms, found 3 plugins.
Preloading 0 native plugins for Editor in 0.00 ms.
Mono: successfully reloaded assembly
- Completed reload, in  0.753 seconds
Domain Reload Profiling:
	ReloadAssembly (754ms)
		BeginReloadAssembly (107ms)
			ExecutionOrderSort (0ms)
			DisableScriptedObjects (4ms)
			BackupInstance (0ms)
			ReleaseScriptingObjects (0ms)
			CreateAndSetChildDomain (35ms)
		EndReloadAssembly (580ms)
			LoadAssemblies (57ms)
			RebuildTransferFunctionScriptingTraits (0ms)
			SetupTypeCache (202ms)
			ReleaseScriptCaches (1ms)
			RebuildScriptCaches (27ms)
			SetupLoadedEditorAssemblies (259ms)
				LogAssemblyErrors (0ms)
				InitializePlatformSupportModulesInManaged (10ms)
				SetLoadedEditorAssemblies (0ms)
				RefreshPlugins (1ms)
				BeforeProcessingInitializeOnLoad (45ms)
				ProcessInitializeOnLoadAttributes (173ms)
				ProcessInitializeOnLoadMethodAttributes (24ms)
				AfterProcessingInitializeOnLoad (6ms)
				EditorAssembliesLoaded (0ms)
			ExecutionOrderSort2 (0ms)
			AwakeInstancesAfterBackupRestoration (5ms)
Platform modules already initialized, skipping
Refreshing native plugins compatible for Editor in 2.00 ms, found 3 plugins.
Preloading 0 native plugins for Editor in 0.00 ms.
Unloading 3875 Unused Serialized files (Serialized files now loaded: 0)
Unloading 19 unused Assets / (24.8 KB). Loaded Objects now: 4424.
Memory consumption went from 248.5 MB to 248.5 MB.
Total: 2.890100 ms (FindLiveObjects: 0.279800 ms CreateObjectMapping: 0.091500 ms MarkObjects: 2.498800 ms  DeleteObjects: 0.019400 ms)

AssetImportParameters requested are different than current active one (requested -> active):
  custom:video-decoder-ogg-theora: a1e56fd34408186e4bbccfd4996cb3dc -> 
  custom:container-muxer-webm: aa71ff27fc2769a1b78a27578f13a17b -> 
  custom:container-demuxer-webm: 4f35f7cbe854078d1ac9338744f61a02 -> 
  custom:video-encoder-webm-vp8: eb34c28f22e8b96e1ab97ce403110664 -> 
  custom:audio-encoder-webm-vorbis: bf7c407c2cedff20999df2af8eb42d56 -> 
  custom:framework-win-MediaFoundation: 216162199b28c13a410421893ffa2e32 -> 
  custom:container-demuxer-ogg: 62fdf1f143b41e24485cea50d1cbac27 -> 
  custom:video-decoder-webm-vp8: 9c59270c3fd7afecdb556c50c9e8de78 -> 
  custom:audio-decoder-ogg-vorbis: bf7c407c2cedff20999df2af8eb42d56 -> 
========================================================================
Received Import Request.
  Time since last request: 134.074159 seconds.
  path: Assets/MobaGame/Scripts/Hierarchy/Enemy.cs
  artifactKey: Guid(c9ba7f4f1995fa64094a14ba62eec8b9) Importer(815301076,1909f56bfc062723c751e8b465ee728b)
Start importing Assets/MobaGame/Scripts/Hierarchy/Enemy.cs using Guid(c9ba7f4f1995fa64094a14ba62eec8b9) Importer(815301076,1909f56bfc062723c751e8b465ee728b)  -> (artifact id: '23b3fbb16cdee46a58eeb697dc9bcb20') in 0.013078 seconds 
========================================================================
Received Prepare
Registering precompiled user dll's ...
Registered in 0.002743 seconds.
Begin MonoManager ReloadAssembly
Symbol file LoadedFromMemory doesn't match image D:\Inside Dark Studios\De 0\MOBA\My project\Library\PackageCache\com.unity.visualscripting@1.7.8\Editor\VisualScripting.Core\Dependencies\YamlDotNet\Unity.VisualScripting.YamlDotNet.dll
Symbol file LoadedFromMemory doesn't match image D:\Inside Dark Studios\De 0\MOBA\My project\Library\PackageCache\com.unity.visualscripting@1.7.8\Editor\VisualScripting.Core\Dependencies\DotNetZip\Unity.VisualScripting.IonicZip.dll
Native extension for WindowsStandalone target not found
Native extension for WebGL target not found
Refreshing native plugins compatible for Editor in 0.98 ms, found 3 plugins.
Preloading 0 native plugins for Editor in 0.00 ms.
Mono: successfully reloaded assembly
- Completed reload, in  0.814 seconds
Domain Reload Profiling:
	ReloadAssembly (814ms)
		BeginReloadAssembly (122ms)
			ExecutionOrderSort (0ms)
			DisableScriptedObjects (4ms)
			BackupInstance (0ms)
			ReleaseScriptingObjects (0ms)
			CreateAndSetChildDomain (45ms)
		EndReloadAssembly (614ms)
			LoadAssemblies (65ms)
			RebuildTransferFunctionScriptingTraits (0ms)
			SetupTypeCache (216ms)
			ReleaseScriptCaches (1ms)
			RebuildScriptCaches (34ms)
			SetupLoadedEditorAssemblies (259ms)
				LogAssemblyErrors (0ms)
				InitializePlatformSupportModulesInManaged (13ms)
				SetLoadedEditorAssemblies (0ms)
				RefreshPlugins (1ms)
				BeforeProcessingInitializeOnLoad (44ms)
				ProcessInitializeOnLoadAttributes (174ms)
				ProcessInitializeOnLoadMethodAttributes (21ms)
				AfterProcessingInitializeOnLoad (7ms)
				EditorAssembliesLoaded (0ms)
			ExecutionOrderSort2 (0ms)
			AwakeInstancesAfterBackupRestoration (4ms)
Platform modules already initialized, skipping
Refreshing native plugins compatible for Editor in 1.74 ms, found 3 plugins.
Preloading 0 native plugins for Editor in 0.00 ms.
Unloading 3876 Unused Serialized files (Serialized files now loaded: 0)
Unloading 19 unused Assets / (24.8 KB). Loaded Objects now: 4428.
Memory consumption went from 248.6 MB to 248.5 MB.
Total: 2.457500 ms (FindLiveObjects: 0.232200 ms CreateObjectMapping: 0.089700 ms MarkObjects: 2.119900 ms  DeleteObjects: 0.015100 ms)

AssetImportParameters requested are different than current active one (requested -> active):
  custom:video-decoder-ogg-theora: a1e56fd34408186e4bbccfd4996cb3dc -> 
  custom:container-muxer-webm: aa71ff27fc2769a1b78a27578f13a17b -> 
  custom:container-demuxer-webm: 4f35f7cbe854078d1ac9338744f61a02 -> 
  custom:video-encoder-webm-vp8: eb34c28f22e8b96e1ab97ce403110664 -> 
  custom:audio-encoder-webm-vorbis: bf7c407c2cedff20999df2af8eb42d56 -> 
  custom:framework-win-MediaFoundation: 216162199b28c13a410421893ffa2e32 -> 
  custom:container-demuxer-ogg: 62fdf1f143b41e24485cea50d1cbac27 -> 
  custom:video-decoder-webm-vp8: 9c59270c3fd7afecdb556c50c9e8de78 -> 
  custom:audio-decoder-ogg-vorbis: bf7c407c2cedff20999df2af8eb42d56 -> 
========================================================================
Received Prepare
Registering precompiled user dll's ...
Registered in 0.002864 seconds.
Begin MonoManager ReloadAssembly
Symbol file LoadedFromMemory doesn't match image D:\Inside Dark Studios\De 0\MOBA\My project\Library\PackageCache\com.unity.visualscripting@1.7.8\Editor\VisualScripting.Core\Dependencies\YamlDotNet\Unity.VisualScripting.YamlDotNet.dll
Symbol file LoadedFromMemory doesn't match image D:\Inside Dark Studios\De 0\MOBA\My project\Library\PackageCache\com.unity.visualscripting@1.7.8\Editor\VisualScripting.Core\Dependencies\DotNetZip\Unity.VisualScripting.IonicZip.dll
Native extension for WindowsStandalone target not found
Native extension for WebGL target not found
Refreshing native plugins compatible for Editor in 0.84 ms, found 3 plugins.
Preloading 0 native plugins for Editor in 0.00 ms.
Mono: successfully reloaded assembly
- Completed reload, in  0.773 seconds
Domain Reload Profiling:
	ReloadAssembly (774ms)
		BeginReloadAssembly (108ms)
			ExecutionOrderSort (0ms)
			DisableScriptedObjects (4ms)
			BackupInstance (0ms)
			ReleaseScriptingObjects (0ms)
			CreateAndSetChildDomain (34ms)
		EndReloadAssembly (597ms)
			LoadAssemblies (60ms)
			RebuildTransferFunctionScriptingTraits (0ms)
			SetupTypeCache (196ms)
			ReleaseScriptCaches (1ms)
			RebuildScriptCaches (32ms)
			SetupLoadedEditorAssemblies (274ms)
				LogAssemblyErrors (0ms)
				InitializePlatformSupportModulesInManaged (12ms)
				SetLoadedEditorAssemblies (0ms)
				RefreshPlugins (1ms)
				BeforeProcessingInitializeOnLoad (52ms)
				ProcessInitializeOnLoadAttributes (184ms)
				ProcessInitializeOnLoadMethodAttributes (19ms)
				AfterProcessingInitializeOnLoad (6ms)
				EditorAssembliesLoaded (0ms)
			ExecutionOrderSort2 (0ms)
			AwakeInstancesAfterBackupRestoration (4ms)
Platform modules already initialized, skipping
Refreshing native plugins compatible for Editor in 1.84 ms, found 3 plugins.
Preloading 0 native plugins for Editor in 0.00 ms.
Unloading 3876 Unused Serialized files (Serialized files now loaded: 0)
Unloading 19 unused Assets / (24.7 KB). Loaded Objects now: 4431.
Memory consumption went from 248.6 MB to 248.5 MB.
Total: 2.608400 ms (FindLiveObjects: 0.246100 ms CreateObjectMapping: 0.091400 ms MarkObjects: 2.254600 ms  DeleteObjects: 0.015400 ms)

AssetImportParameters requested are different than current active one (requested -> active):
  custom:video-decoder-ogg-theora: a1e56fd34408186e4bbccfd4996cb3dc -> 
  custom:container-muxer-webm: aa71ff27fc2769a1b78a27578f13a17b -> 
  custom:container-demuxer-webm: 4f35f7cbe854078d1ac9338744f61a02 -> 
  custom:video-encoder-webm-vp8: eb34c28f22e8b96e1ab97ce403110664 -> 
  custom:audio-encoder-webm-vorbis: bf7c407c2cedff20999df2af8eb42d56 -> 
  custom:framework-win-MediaFoundation: 216162199b28c13a410421893ffa2e32 -> 
  custom:container-demuxer-ogg: 62fdf1f143b41e24485cea50d1cbac27 -> 
  custom:video-decoder-webm-vp8: 9c59270c3fd7afecdb556c50c9e8de78 -> 
  custom:audio-decoder-ogg-vorbis: bf7c407c2cedff20999df2af8eb42d56 -> 
========================================================================
Received Import Request.
  Time since last request: 115.032663 seconds.
  path: Assets/MobaGame/Scripts/mousePosition.cs
  artifactKey: Guid(5fd13949bc54dd8468201b69d441d4c6) Importer(815301076,1909f56bfc062723c751e8b465ee728b)
Start importing Assets/MobaGame/Scripts/mousePosition.cs using Guid(5fd13949bc54dd8468201b69d441d4c6) Importer(815301076,1909f56bfc062723c751e8b465ee728b)  -> (artifact id: 'c909b3fc9826d8a8d33a2c28c0c8af4e') in 0.011113 seconds 
========================================================================
Received Import Request.
  Time since last request: 1.271720 seconds.
  path: Assets/MobaGame/Scripts/Movement.cs
  artifactKey: Guid(fe8c5750dde3a7847ab36f50093e3fa7) Importer(815301076,1909f56bfc062723c751e8b465ee728b)
Start importing Assets/MobaGame/Scripts/Movement.cs using Guid(fe8c5750dde3a7847ab36f50093e3fa7) Importer(815301076,1909f56bfc062723c751e8b465ee728b)  -> (artifact id: '11e28fc2cf036a7084f8de3671217f38') in 0.004394 seconds 
========================================================================
Received Import Request.
  Time since last request: 1.273323 seconds.
  path: Assets/MobaGame/Scripts/Targetable.cs
  artifactKey: Guid(73ae3a9a4a1b5a847acafde236f7a127) Importer(815301076,1909f56bfc062723c751e8b465ee728b)
Start importing Assets/MobaGame/Scripts/Targetable.cs using Guid(73ae3a9a4a1b5a847acafde236f7a127) Importer(815301076,1909f56bfc062723c751e8b465ee728b)  -> (artifact id: 'a5be12384ab80e82e46f1c35e80a70ad') in 0.004126 seconds 
========================================================================
Received Import Request.
  Time since last request: 3.677381 seconds.
  path: Assets/MobaGame/Scripts/inputTarget.cs
  artifactKey: Guid(88001c61fb9bf9544b2c7cc66e1889f8) Importer(815301076,1909f56bfc062723c751e8b465ee728b)
Start importing Assets/MobaGame/Scripts/inputTarget.cs using Guid(88001c61fb9bf9544b2c7cc66e1889f8) Importer(815301076,1909f56bfc062723c751e8b465ee728b)  -> (artifact id: '44f36210454532f67c89bc815f00449d') in 0.004246 seconds 
========================================================================
Received Import Request.
  Time since last request: 3.044820 seconds.
  path: Assets/MobaGame/Scripts/Health.cs
  artifactKey: Guid(cdf96e138c319a34292c22386dedb831) Importer(815301076,1909f56bfc062723c751e8b465ee728b)
Start importing Assets/MobaGame/Scripts/Health.cs using Guid(cdf96e138c319a34292c22386dedb831) Importer(815301076,1909f56bfc062723c751e8b465ee728b)  -> (artifact id: '66b4055b4126f00a81b5034803274215') in 0.004098 seconds 
========================================================================
Received Import Request.
  Time since last request: 1.457345 seconds.
  path: Assets/MobaGame/Scripts/destroyObject.cs
  artifactKey: Guid(1867581be0a82994b981e4c77a0f9db7) Importer(815301076,1909f56bfc062723c751e8b465ee728b)
Start importing Assets/MobaGame/Scripts/destroyObject.cs using Guid(1867581be0a82994b981e4c77a0f9db7) Importer(815301076,1909f56bfc062723c751e8b465ee728b)  -> (artifact id: '777758eb756d931da9ac6c0f2569991b') in 0.004333 seconds 
========================================================================
Received Import Request.
  Time since last request: 0.675416 seconds.
  path: Assets/MobaGame/Scripts/Combat.cs
  artifactKey: Guid(f8e4217e328b5444885ea99c45b6c085) Importer(815301076,1909f56bfc062723c751e8b465ee728b)
Start importing Assets/MobaGame/Scripts/Combat.cs using Guid(f8e4217e328b5444885ea99c45b6c085) Importer(815301076,1909f56bfc062723c751e8b465ee728b)  -> (artifact id: '04c4a6ece05af7500a7f181d9b0e254a') in 0.004214 seconds 
========================================================================
Received Import Request.
  Time since last request: 2.818793 seconds.
  path: Assets/MobaGame/Scripts/CameraScroll.cs
  artifactKey: Guid(2dba1c669c8d3a848b1041ff699b8898) Importer(815301076,1909f56bfc062723c751e8b465ee728b)
Start importing Assets/MobaGame/Scripts/CameraScroll.cs using Guid(2dba1c669c8d3a848b1041ff699b8898) Importer(815301076,1909f56bfc062723c751e8b465ee728b)  -> (artifact id: '844655d4473d79c5bf8fd2288edeb408') in 0.004215 seconds 
========================================================================
Received Import Request.
  Time since last request: 0.544101 seconds.
  path: Assets/MobaGame/Scripts/CameraFollow.cs
  artifactKey: Guid(14dd479fffc8bbe4fa1260b46c64875f) Importer(815301076,1909f56bfc062723c751e8b465ee728b)
Start importing Assets/MobaGame/Scripts/CameraFollow.cs using Guid(14dd479fffc8bbe4fa1260b46c64875f) Importer(815301076,1909f56bfc062723c751e8b465ee728b)  -> (artifact id: '4f3e70386e030753577e9c012fa04c57') in 0.004166 seconds 
========================================================================
Received Import Request.
  Time since last request: 99.516227 seconds.
  path: Assets/MobaGame/InGameUI
  artifactKey: Guid(8908fe0bac2c80443bd633a4b5a6b847) Importer(815301076,1909f56bfc062723c751e8b465ee728b)
Start importing Assets/MobaGame/InGameUI using Guid(8908fe0bac2c80443bd633a4b5a6b847) Importer(815301076,1909f56bfc062723c751e8b465ee728b)  -> (artifact id: 'f5b3a1c430ef1b90919b27494df64f0d') in 0.004462 seconds 
========================================================================
Received Import Request.
  Time since last request: 0.064320 seconds.
  path: Assets/MobaGame/InGameUI/AreaOfAttack.png
  artifactKey: Guid(fe7c98d0b74716543991782d95d98e70) Importer(815301076,1909f56bfc062723c751e8b465ee728b)
Start importing Assets/MobaGame/InGameUI/AreaOfAttack.png using Guid(fe7c98d0b74716543991782d95d98e70) Importer(815301076,1909f56bfc062723c751e8b465ee728b)  -> (artifact id: 'ab768ec1ac4bd6f3a5783bdb671f4dcf') in 0.042932 seconds 
========================================================================
Received Import Request.
  Time since last request: 9.266957 seconds.
  path: Assets/MobaGame/Scenes/UI
  artifactKey: Guid(6d064966e1666b44f963575fbbba8ddd) Importer(815301076,1909f56bfc062723c751e8b465ee728b)
Start importing Assets/MobaGame/Scenes/UI using Guid(6d064966e1666b44f963575fbbba8ddd) Importer(815301076,1909f56bfc062723c751e8b465ee728b)  -> (artifact id: '1c6940ed8f8c0cc84fa54be10d7b26d1') in 0.005639 seconds 
========================================================================
Received Import Request.
  Time since last request: 1.150172 seconds.
  path: Assets/MobaGame/Scenes/UI/UIAbilities.cs
  artifactKey: Guid(d4c1454bd877d7a4c9770e92e4c9d035) Importer(815301076,1909f56bfc062723c751e8b465ee728b)
Start importing Assets/MobaGame/Scenes/UI/UIAbilities.cs using Guid(d4c1454bd877d7a4c9770e92e4c9d035) Importer(815301076,1909f56bfc062723c751e8b465ee728b)  -> (artifact id: 'dedfd004e6ee6026214de89361c8eeef') in 0.004084 seconds 
========================================================================
Received Import Request.
  Time since last request: 234.243773 seconds.
  path: Assets/MobaGame/Scenes/UI/UIAbilities.cs
  artifactKey: Guid(d4c1454bd877d7a4c9770e92e4c9d035) Importer(815301076,1909f56bfc062723c751e8b465ee728b)
Start importing Assets/MobaGame/Scenes/UI/UIAbilities.cs using Guid(d4c1454bd877d7a4c9770e92e4c9d035) Importer(815301076,1909f56bfc062723c751e8b465ee728b)  -> (artifact id: '16768fb9d79f77cc03437a555363c53e') in 0.001499 seconds 
========================================================================
Received Prepare
Registering precompiled user dll's ...
Registered in 0.003649 seconds.
Begin MonoManager ReloadAssembly
Symbol file LoadedFromMemory doesn't match image D:\Inside Dark Studios\De 0\MOBA\My project\Library\PackageCache\com.unity.visualscripting@1.7.8\Editor\VisualScripting.Core\Dependencies\YamlDotNet\Unity.VisualScripting.YamlDotNet.dll
Symbol file LoadedFromMemory doesn't match image D:\Inside Dark Studios\De 0\MOBA\My project\Library\PackageCache\com.unity.visualscripting@1.7.8\Editor\VisualScripting.Core\Dependencies\DotNetZip\Unity.VisualScripting.IonicZip.dll
Native extension for WindowsStandalone target not found
Native extension for WebGL target not found
Refreshing native plugins compatible for Editor in 1.25 ms, found 3 plugins.
Preloading 0 native plugins for Editor in 0.00 ms.
Mono: successfully reloaded assembly
- Completed reload, in  0.806 seconds
Domain Reload Profiling:
	ReloadAssembly (807ms)
		BeginReloadAssembly (106ms)
			ExecutionOrderSort (0ms)
			DisableScriptedObjects (3ms)
			BackupInstance (0ms)
			ReleaseScriptingObjects (0ms)
			CreateAndSetChildDomain (30ms)
		EndReloadAssembly (628ms)
			LoadAssemblies (62ms)
			RebuildTransferFunctionScriptingTraits (0ms)
			SetupTypeCache (212ms)
			ReleaseScriptCaches (1ms)
			RebuildScriptCaches (33ms)
			SetupLoadedEditorAssemblies (283ms)
				LogAssemblyErrors (0ms)
				InitializePlatformSupportModulesInManaged (13ms)
				SetLoadedEditorAssemblies (0ms)
				RefreshPlugins (1ms)
				BeforeProcessingInitializeOnLoad (54ms)
				ProcessInitializeOnLoadAttributes (185ms)
				ProcessInitializeOnLoadMethodAttributes (23ms)
				AfterProcessingInitializeOnLoad (7ms)
				EditorAssembliesLoaded (0ms)
			ExecutionOrderSort2 (0ms)
			AwakeInstancesAfterBackupRestoration (4ms)
Platform modules already initialized, skipping
Refreshing native plugins compatible for Editor in 1.71 ms, found 3 plugins.
Preloading 0 native plugins for Editor in 0.00 ms.
Unloading 3876 Unused Serialized files (Serialized files now loaded: 0)
Unloading 19 unused Assets / (24.7 KB). Loaded Objects now: 4436.
Memory consumption went from 248.6 MB to 248.6 MB.
Total: 2.739500 ms (FindLiveObjects: 0.236400 ms CreateObjectMapping: 0.091200 ms MarkObjects: 2.395500 ms  DeleteObjects: 0.015800 ms)

AssetImportParameters requested are different than current active one (requested -> active):
  custom:video-decoder-ogg-theora: a1e56fd34408186e4bbccfd4996cb3dc -> 
  custom:container-muxer-webm: aa71ff27fc2769a1b78a27578f13a17b -> 
  custom:container-demuxer-webm: 4f35f7cbe854078d1ac9338744f61a02 -> 
  custom:video-encoder-webm-vp8: eb34c28f22e8b96e1ab97ce403110664 -> 
  custom:audio-encoder-webm-vorbis: bf7c407c2cedff20999df2af8eb42d56 -> 
  custom:framework-win-MediaFoundation: 216162199b28c13a410421893ffa2e32 -> 
  custom:container-demuxer-ogg: 62fdf1f143b41e24485cea50d1cbac27 -> 
  custom:video-decoder-webm-vp8: 9c59270c3fd7afecdb556c50c9e8de78 -> 
  custom:audio-decoder-ogg-vorbis: bf7c407c2cedff20999df2af8eb42d56 -> 
========================================================================
Received Prepare
Registering precompiled user dll's ...
Registered in 0.002835 seconds.
Begin MonoManager ReloadAssembly
Symbol file LoadedFromMemory doesn't match image D:\Inside Dark Studios\De 0\MOBA\My project\Library\PackageCache\com.unity.visualscripting@1.7.8\Editor\VisualScripting.Core\Dependencies\YamlDotNet\Unity.VisualScripting.YamlDotNet.dll
Symbol file LoadedFromMemory doesn't match image D:\Inside Dark Studios\De 0\MOBA\My project\Library\PackageCache\com.unity.visualscripting@1.7.8\Editor\VisualScripting.Core\Dependencies\DotNetZip\Unity.VisualScripting.IonicZip.dll
Native extension for WindowsStandalone target not found
Native extension for WebGL target not found
Refreshing native plugins compatible for Editor in 1.61 ms, found 3 plugins.
Preloading 0 native plugins for Editor in 0.00 ms.
Mono: successfully reloaded assembly
- Completed reload, in  0.768 seconds
Domain Reload Profiling:
	ReloadAssembly (769ms)
		BeginReloadAssembly (106ms)
			ExecutionOrderSort (0ms)
			DisableScriptedObjects (4ms)
			BackupInstance (0ms)
			ReleaseScriptingObjects (0ms)
			CreateAndSetChildDomain (34ms)
		EndReloadAssembly (593ms)
			LoadAssemblies (58ms)
			RebuildTransferFunctionScriptingTraits (0ms)
			SetupTypeCache (192ms)
			ReleaseScriptCaches (1ms)
			RebuildScriptCaches (28ms)
			SetupLoadedEditorAssemblies (278ms)
				LogAssemblyErrors (0ms)
				InitializePlatformSupportModulesInManaged (10ms)
				SetLoadedEditorAssemblies (0ms)
				RefreshPlugins (2ms)
				BeforeProcessingInitializeOnLoad (56ms)
				ProcessInitializeOnLoadAttributes (184ms)
				ProcessInitializeOnLoadMethodAttributes (20ms)
				AfterProcessingInitializeOnLoad (6ms)
				EditorAssembliesLoaded (0ms)
			ExecutionOrderSort2 (0ms)
			AwakeInstancesAfterBackupRestoration (6ms)
Platform modules already initialized, skipping
Refreshing native plugins compatible for Editor in 2.43 ms, found 3 plugins.
Preloading 0 native plugins for Editor in 0.00 ms.
Unloading 3876 Unused Serialized files (Serialized files now loaded: 0)
Unloading 19 unused Assets / (24.7 KB). Loaded Objects now: 4439.
Memory consumption went from 248.6 MB to 248.6 MB.
Total: 2.935000 ms (FindLiveObjects: 0.502500 ms CreateObjectMapping: 0.086000 ms MarkObjects: 2.327700 ms  DeleteObjects: 0.018100 ms)

AssetImportParameters requested are different than current active one (requested -> active):
  custom:video-decoder-ogg-theora: a1e56fd34408186e4bbccfd4996cb3dc -> 
  custom:container-muxer-webm: aa71ff27fc2769a1b78a27578f13a17b -> 
  custom:container-demuxer-webm: 4f35f7cbe854078d1ac9338744f61a02 -> 
  custom:video-encoder-webm-vp8: eb34c28f22e8b96e1ab97ce403110664 -> 
  custom:audio-encoder-webm-vorbis: bf7c407c2cedff20999df2af8eb42d56 -> 
  custom:framework-win-MediaFoundation: 216162199b28c13a410421893ffa2e32 -> 
  custom:container-demuxer-ogg: 62fdf1f143b41e24485cea50d1cbac27 -> 
  custom:video-decoder-webm-vp8: 9c59270c3fd7afecdb556c50c9e8de78 -> 
  custom:audio-decoder-ogg-vorbis: bf7c407c2cedff20999df2af8eb42d56 -> 
========================================================================
Received Prepare
Registering precompiled user dll's ...
Registered in 0.002672 seconds.
Begin MonoManager ReloadAssembly
Symbol file LoadedFromMemory doesn't match image D:\Inside Dark Studios\De 0\MOBA\My project\Library\PackageCache\com.unity.visualscripting@1.7.8\Editor\VisualScripting.Core\Dependencies\YamlDotNet\Unity.VisualScripting.YamlDotNet.dll
Symbol file LoadedFromMemory doesn't match image D:\Inside Dark Studios\De 0\MOBA\My project\Library\PackageCache\com.unity.visualscripting@1.7.8\Editor\VisualScripting.Core\Dependencies\DotNetZip\Unity.VisualScripting.IonicZip.dll
Native extension for WindowsStandalone target not found
Native extension for WebGL target not found
Refreshing native plugins compatible for Editor in 0.99 ms, found 3 plugins.
Preloading 0 native plugins for Editor in 0.00 ms.
Mono: successfully reloaded assembly
- Completed reload, in  0.749 seconds
Domain Reload Profiling:
	ReloadAssembly (749ms)
		BeginReloadAssembly (107ms)
			ExecutionOrderSort (0ms)
			DisableScriptedObjects (4ms)
			BackupInstance (0ms)
			ReleaseScriptingObjects (0ms)
			CreateAndSetChildDomain (36ms)
		EndReloadAssembly (568ms)
			LoadAssemblies (58ms)
			RebuildTransferFunctionScriptingTraits (0ms)
			SetupTypeCache (177ms)
			ReleaseScriptCaches (1ms)
			RebuildScriptCaches (28ms)
			SetupLoadedEditorAssemblies (271ms)
				LogAssemblyErrors (0ms)
				InitializePlatformSupportModulesInManaged (10ms)
				SetLoadedEditorAssemblies (0ms)
				RefreshPlugins (1ms)
				BeforeProcessingInitializeOnLoad (46ms)
				ProcessInitializeOnLoadAttributes (185ms)
				ProcessInitializeOnLoadMethodAttributes (21ms)
				AfterProcessingInitializeOnLoad (7ms)
				EditorAssembliesLoaded (0ms)
			ExecutionOrderSort2 (0ms)
			AwakeInstancesAfterBackupRestoration (5ms)
Platform modules already initialized, skipping
Refreshing native plugins compatible for Editor in 1.83 ms, found 3 plugins.
Preloading 0 native plugins for Editor in 0.00 ms.
Unloading 3876 Unused Serialized files (Serialized files now loaded: 0)
Unloading 19 unused Assets / (24.7 KB). Loaded Objects now: 4442.
Memory consumption went from 248.6 MB to 248.6 MB.
Total: 2.644200 ms (FindLiveObjects: 0.257100 ms CreateObjectMapping: 0.079600 ms MarkObjects: 2.289200 ms  DeleteObjects: 0.017600 ms)

AssetImportParameters requested are different than current active one (requested -> active):
  custom:video-decoder-ogg-theora: a1e56fd34408186e4bbccfd4996cb3dc -> 
  custom:container-muxer-webm: aa71ff27fc2769a1b78a27578f13a17b -> 
  custom:container-demuxer-webm: 4f35f7cbe854078d1ac9338744f61a02 -> 
  custom:video-encoder-webm-vp8: eb34c28f22e8b96e1ab97ce403110664 -> 
  custom:audio-encoder-webm-vorbis: bf7c407c2cedff20999df2af8eb42d56 -> 
  custom:framework-win-MediaFoundation: 216162199b28c13a410421893ffa2e32 -> 
  custom:container-demuxer-ogg: 62fdf1f143b41e24485cea50d1cbac27 -> 
  custom:video-decoder-webm-vp8: 9c59270c3fd7afecdb556c50c9e8de78 -> 
  custom:audio-decoder-ogg-vorbis: bf7c407c2cedff20999df2af8eb42d56 -> 
========================================================================
Received Import Request.
  Time since last request: 398.008092 seconds.
  path: Assets/MobaGame/Scenes/Test.prefab
  artifactKey: Guid(407fc7a0f285015478536225ba804c1e) Importer(815301076,1909f56bfc062723c751e8b465ee728b)
Start importing Assets/MobaGame/Scenes/Test.prefab using Guid(407fc7a0f285015478536225ba804c1e) Importer(815301076,1909f56bfc062723c751e8b465ee728b)  -> (artifact id: '59bec7c80a8680b5ae92381e424de570') in 0.160177 seconds 
========================================================================
Received Import Request.
  Time since last request: 4.312148 seconds.
  path: Assets/MobaGame/GamePrefabs/Jungle/Harpy/Harpy01 .prefab
  artifactKey: Guid(39b5c570e80413b4eb83480e5e0a6a84) Importer(815301076,1909f56bfc062723c751e8b465ee728b)
Start importing Assets/MobaGame/GamePrefabs/Jungle/Harpy/Harpy01 .prefab using Guid(39b5c570e80413b4eb83480e5e0a6a84) Importer(815301076,1909f56bfc062723c751e8b465ee728b)  -> (artifact id: '05e5e4fef6b2526e5fe1cb2c155edeae') in 0.019407 seconds 
========================================================================
Received Import Request.
  Time since last request: 11.552110 seconds.
  path: Assets/MobaGame/GamePrefabs/Jungle/Harpy/Harpy01 .prefab
  artifactKey: Guid(39b5c570e80413b4eb83480e5e0a6a84) Importer(815301076,1909f56bfc062723c751e8b465ee728b)
Start importing Assets/MobaGame/GamePrefabs/Jungle/Harpy/Harpy01 .prefab using Guid(39b5c570e80413b4eb83480e5e0a6a84) Importer(815301076,1909f56bfc062723c751e8b465ee728b)  -> (artifact id: '047f7c66b4db73436a45aa7d9fc4d1c9') in 0.020449 seconds 
========================================================================
Received Prepare
Registering precompiled user dll's ...
Registered in 0.002799 seconds.
Begin MonoManager ReloadAssembly
Symbol file LoadedFromMemory doesn't match image D:\Inside Dark Studios\De 0\MOBA\My project\Library\PackageCache\com.unity.visualscripting@1.7.8\Editor\VisualScripting.Core\Dependencies\YamlDotNet\Unity.VisualScripting.YamlDotNet.dll
Symbol file LoadedFromMemory doesn't match image D:\Inside Dark Studios\De 0\MOBA\My project\Library\PackageCache\com.unity.visualscripting@1.7.8\Editor\VisualScripting.Core\Dependencies\DotNetZip\Unity.VisualScripting.IonicZip.dll
Native extension for WindowsStandalone target not found
Native extension for WebGL target not found
Refreshing native plugins compatible for Editor in 0.94 ms, found 3 plugins.
Preloading 0 native plugins for Editor in 0.00 ms.
Mono: successfully reloaded assembly
- Completed reload, in  0.747 seconds
Domain Reload Profiling:
	ReloadAssembly (747ms)
		BeginReloadAssembly (108ms)
			ExecutionOrderSort (0ms)
			DisableScriptedObjects (4ms)
			BackupInstance (0ms)
			ReleaseScriptingObjects (0ms)
			CreateAndSetChildDomain (31ms)
		EndReloadAssembly (572ms)
			LoadAssemblies (61ms)
			RebuildTransferFunctionScriptingTraits (0ms)
			SetupTypeCache (182ms)
			ReleaseScriptCaches (1ms)
			RebuildScriptCaches (26ms)
			SetupLoadedEditorAssemblies (270ms)
				LogAssemblyErrors (0ms)
				InitializePlatformSupportModulesInManaged (10ms)
				SetLoadedEditorAssemblies (0ms)
				RefreshPlugins (1ms)
				BeforeProcessingInitializeOnLoad (46ms)
				ProcessInitializeOnLoadAttributes (180ms)
				ProcessInitializeOnLoadMethodAttributes (25ms)
				AfterProcessingInitializeOnLoad (7ms)
				EditorAssembliesLoaded (0ms)
			ExecutionOrderSort2 (0ms)
			AwakeInstancesAfterBackupRestoration (5ms)
Platform modules already initialized, skipping
Refreshing native plugins compatible for Editor in 2.79 ms, found 3 plugins.
Preloading 0 native plugins for Editor in 0.00 ms.
Unloading 3876 Unused Serialized files (Serialized files now loaded: 0)
Unloading 21 unused Assets / (25.7 KB). Loaded Objects now: 4448.
Memory consumption went from 249.3 MB to 249.2 MB.
Total: 3.039200 ms (FindLiveObjects: 0.476700 ms CreateObjectMapping: 0.103900 ms MarkObjects: 2.421900 ms  DeleteObjects: 0.035900 ms)

AssetImportParameters requested are different than current active one (requested -> active):
  custom:video-decoder-ogg-theora: a1e56fd34408186e4bbccfd4996cb3dc -> 
  custom:container-muxer-webm: aa71ff27fc2769a1b78a27578f13a17b -> 
  custom:container-demuxer-webm: 4f35f7cbe854078d1ac9338744f61a02 -> 
  custom:video-encoder-webm-vp8: eb34c28f22e8b96e1ab97ce403110664 -> 
  custom:audio-encoder-webm-vorbis: bf7c407c2cedff20999df2af8eb42d56 -> 
  custom:framework-win-MediaFoundation: 216162199b28c13a410421893ffa2e32 -> 
  custom:container-demuxer-ogg: 62fdf1f143b41e24485cea50d1cbac27 -> 
  custom:video-decoder-webm-vp8: 9c59270c3fd7afecdb556c50c9e8de78 -> 
  custom:audio-decoder-ogg-vorbis: bf7c407c2cedff20999df2af8eb42d56 -> 
========================================================================
Received Prepare
Registering precompiled user dll's ...
Registered in 0.002693 seconds.
Begin MonoManager ReloadAssembly
Symbol file LoadedFromMemory doesn't match image D:\Inside Dark Studios\De 0\MOBA\My project\Library\PackageCache\com.unity.visualscripting@1.7.8\Editor\VisualScripting.Core\Dependencies\YamlDotNet\Unity.VisualScripting.YamlDotNet.dll
Symbol file LoadedFromMemory doesn't match image D:\Inside Dark Studios\De 0\MOBA\My project\Library\PackageCache\com.unity.visualscripting@1.7.8\Editor\VisualScripting.Core\Dependencies\DotNetZip\Unity.VisualScripting.IonicZip.dll
Native extension for WindowsStandalone target not found
Native extension for WebGL target not found
Refreshing native plugins compatible for Editor in 1.10 ms, found 3 plugins.
Preloading 0 native plugins for Editor in 0.00 ms.
Mono: successfully reloaded assembly
- Completed reload, in  0.758 seconds
Domain Reload Profiling:
	ReloadAssembly (759ms)
		BeginReloadAssembly (101ms)
			ExecutionOrderSort (0ms)
			DisableScriptedObjects (4ms)
			BackupInstance (0ms)
			ReleaseScriptingObjects (0ms)
			CreateAndSetChildDomain (30ms)
		EndReloadAssembly (589ms)
			LoadAssemblies (59ms)
			RebuildTransferFunctionScriptingTraits (0ms)
			SetupTypeCache (200ms)
			ReleaseScriptCaches (1ms)
			RebuildScriptCaches (32ms)
			SetupLoadedEditorAssemblies (263ms)
				LogAssemblyErrors (0ms)
				InitializePlatformSupportModulesInManaged (14ms)
				SetLoadedEditorAssemblies (0ms)
				RefreshPlugins (1ms)
				BeforeProcessingInitializeOnLoad (47ms)
				ProcessInitializeOnLoadAttributes (174ms)
				ProcessInitializeOnLoadMethodAttributes (20ms)
				AfterProcessingInitializeOnLoad (6ms)
				EditorAssembliesLoaded (0ms)
			ExecutionOrderSort2 (0ms)
			AwakeInstancesAfterBackupRestoration (4ms)
Platform modules already initialized, skipping
Refreshing native plugins compatible for Editor in 1.70 ms, found 3 plugins.
Preloading 0 native plugins for Editor in 0.00 ms.
Unloading 3876 Unused Serialized files (Serialized files now loaded: 0)
Unloading 19 unused Assets / (24.7 KB). Loaded Objects now: 4451.
Memory consumption went from 249.3 MB to 249.2 MB.
Total: 2.604400 ms (FindLiveObjects: 0.244800 ms CreateObjectMapping: 0.092400 ms MarkObjects: 2.252000 ms  DeleteObjects: 0.014500 ms)

AssetImportParameters requested are different than current active one (requested -> active):
  custom:video-decoder-ogg-theora: a1e56fd34408186e4bbccfd4996cb3dc -> 
  custom:container-muxer-webm: aa71ff27fc2769a1b78a27578f13a17b -> 
  custom:container-demuxer-webm: 4f35f7cbe854078d1ac9338744f61a02 -> 
  custom:video-encoder-webm-vp8: eb34c28f22e8b96e1ab97ce403110664 -> 
  custom:audio-encoder-webm-vorbis: bf7c407c2cedff20999df2af8eb42d56 -> 
  custom:framework-win-MediaFoundation: 216162199b28c13a410421893ffa2e32 -> 
  custom:container-demuxer-ogg: 62fdf1f143b41e24485cea50d1cbac27 -> 
  custom:video-decoder-webm-vp8: 9c59270c3fd7afecdb556c50c9e8de78 -> 
  custom:audio-decoder-ogg-vorbis: bf7c407c2cedff20999df2af8eb42d56 -> 
========================================================================
Received Prepare
Registering precompiled user dll's ...
Registered in 0.002709 seconds.
Begin MonoManager ReloadAssembly
Symbol file LoadedFromMemory doesn't match image D:\Inside Dark Studios\De 0\MOBA\My project\Library\PackageCache\com.unity.visualscripting@1.7.8\Editor\VisualScripting.Core\Dependencies\YamlDotNet\Unity.VisualScripting.YamlDotNet.dll
Symbol file LoadedFromMemory doesn't match image D:\Inside Dark Studios\De 0\MOBA\My project\Library\PackageCache\com.unity.visualscripting@1.7.8\Editor\VisualScripting.Core\Dependencies\DotNetZip\Unity.VisualScripting.IonicZip.dll
Native extension for WindowsStandalone target not found
Native extension for WebGL target not found
Refreshing native plugins compatible for Editor in 1.01 ms, found 3 plugins.
Preloading 0 native plugins for Editor in 0.00 ms.
Mono: successfully reloaded assembly
- Completed reload, in  0.737 seconds
Domain Reload Profiling:
	ReloadAssembly (738ms)
		BeginReloadAssembly (107ms)
			ExecutionOrderSort (0ms)
			DisableScriptedObjects (4ms)
			BackupInstance (0ms)
			ReleaseScriptingObjects (0ms)
			CreateAndSetChildDomain (31ms)
		EndReloadAssembly (564ms)
			LoadAssemblies (61ms)
			RebuildTransferFunctionScriptingTraits (0ms)
			SetupTypeCache (175ms)
			ReleaseScriptCaches (1ms)
			RebuildScriptCaches (33ms)
			SetupLoadedEditorAssemblies (264ms)
				LogAssemblyErrors (0ms)
				InitializePlatformSupportModulesInManaged (10ms)
				SetLoadedEditorAssemblies (0ms)
				RefreshPlugins (1ms)
				BeforeProcessingInitializeOnLoad (46ms)
				ProcessInitializeOnLoadAttributes (179ms)
				ProcessInitializeOnLoadMethodAttributes (20ms)
				AfterProcessingInitializeOnLoad (8ms)
				EditorAssembliesLoaded (0ms)
			ExecutionOrderSort2 (0ms)
			AwakeInstancesAfterBackupRestoration (5ms)
Platform modules already initialized, skipping
Refreshing native plugins compatible for Editor in 1.97 ms, found 3 plugins.
Preloading 0 native plugins for Editor in 0.00 ms.
Unloading 3876 Unused Serialized files (Serialized files now loaded: 0)
Unloading 19 unused Assets / (24.7 KB). Loaded Objects now: 4454.
Memory consumption went from 249.3 MB to 249.2 MB.
Total: 2.824000 ms (FindLiveObjects: 0.281000 ms CreateObjectMapping: 0.082800 ms MarkObjects: 2.438500 ms  DeleteObjects: 0.020900 ms)

AssetImportParameters requested are different than current active one (requested -> active):
  custom:video-decoder-ogg-theora: a1e56fd34408186e4bbccfd4996cb3dc -> 
  custom:container-muxer-webm: aa71ff27fc2769a1b78a27578f13a17b -> 
  custom:container-demuxer-webm: 4f35f7cbe854078d1ac9338744f61a02 -> 
  custom:video-encoder-webm-vp8: eb34c28f22e8b96e1ab97ce403110664 -> 
  custom:audio-encoder-webm-vorbis: bf7c407c2cedff20999df2af8eb42d56 -> 
  custom:framework-win-MediaFoundation: 216162199b28c13a410421893ffa2e32 -> 
  custom:container-demuxer-ogg: 62fdf1f143b41e24485cea50d1cbac27 -> 
  custom:video-decoder-webm-vp8: 9c59270c3fd7afecdb556c50c9e8de78 -> 
  custom:audio-decoder-ogg-vorbis: bf7c407c2cedff20999df2af8eb42d56 -> 
========================================================================
Received Import Request.
  Time since last request: 117.815511 seconds.
  path: Assets/MobaGame/GamePrefabs/Jungle/Harpy/Harpy01 .prefab
  artifactKey: Guid(39b5c570e80413b4eb83480e5e0a6a84) Importer(815301076,1909f56bfc062723c751e8b465ee728b)
Start importing Assets/MobaGame/GamePrefabs/Jungle/Harpy/Harpy01 .prefab using Guid(39b5c570e80413b4eb83480e5e0a6a84) Importer(815301076,1909f56bfc062723c751e8b465ee728b)  -> (artifact id: '375a29bc270430ec5b5c8aaf98443988') in 0.061928 seconds 
========================================================================
Received Prepare
Registering precompiled user dll's ...
Registered in 0.002706 seconds.
Begin MonoManager ReloadAssembly
Symbol file LoadedFromMemory doesn't match image D:\Inside Dark Studios\De 0\MOBA\My project\Library\PackageCache\com.unity.visualscripting@1.7.8\Editor\VisualScripting.Core\Dependencies\YamlDotNet\Unity.VisualScripting.YamlDotNet.dll
Symbol file LoadedFromMemory doesn't match image D:\Inside Dark Studios\De 0\MOBA\My project\Library\PackageCache\com.unity.visualscripting@1.7.8\Editor\VisualScripting.Core\Dependencies\DotNetZip\Unity.VisualScripting.IonicZip.dll
Native extension for WindowsStandalone target not found
Native extension for WebGL target not found
Refreshing native plugins compatible for Editor in 0.82 ms, found 3 plugins.
Preloading 0 native plugins for Editor in 0.00 ms.
Mono: successfully reloaded assembly
- Completed reload, in  0.744 seconds
Domain Reload Profiling:
	ReloadAssembly (745ms)
		BeginReloadAssembly (107ms)
			ExecutionOrderSort (0ms)
			DisableScriptedObjects (4ms)
			BackupInstance (0ms)
			ReleaseScriptingObjects (0ms)
			CreateAndSetChildDomain (31ms)
		EndReloadAssembly (571ms)
			LoadAssemblies (57ms)
			RebuildTransferFunctionScriptingTraits (0ms)
			SetupTypeCache (185ms)
			ReleaseScriptCaches (1ms)
			RebuildScriptCaches (26ms)
			SetupLoadedEditorAssemblies (268ms)
				LogAssemblyErrors (0ms)
				InitializePlatformSupportModulesInManaged (10ms)
				SetLoadedEditorAssemblies (0ms)
				RefreshPlugins (1ms)
				BeforeProcessingInitializeOnLoad (49ms)
				ProcessInitializeOnLoadAttributes (179ms)
				ProcessInitializeOnLoadMethodAttributes (23ms)
				AfterProcessingInitializeOnLoad (7ms)
				EditorAssembliesLoaded (0ms)
			ExecutionOrderSort2 (0ms)
			AwakeInstancesAfterBackupRestoration (5ms)
Platform modules already initialized, skipping
Refreshing native plugins compatible for Editor in 1.94 ms, found 3 plugins.
Preloading 0 native plugins for Editor in 0.00 ms.
Unloading 3876 Unused Serialized files (Serialized files now loaded: 0)
Unloading 19 unused Assets / (24.7 KB). Loaded Objects now: 4457.
Memory consumption went from 249.3 MB to 249.2 MB.
Total: 2.700100 ms (FindLiveObjects: 0.275400 ms CreateObjectMapping: 0.092300 ms MarkObjects: 2.314800 ms  DeleteObjects: 0.016900 ms)

AssetImportParameters requested are different than current active one (requested -> active):
  custom:video-decoder-ogg-theora: a1e56fd34408186e4bbccfd4996cb3dc -> 
  custom:container-muxer-webm: aa71ff27fc2769a1b78a27578f13a17b -> 
  custom:container-demuxer-webm: 4f35f7cbe854078d1ac9338744f61a02 -> 
  custom:video-encoder-webm-vp8: eb34c28f22e8b96e1ab97ce403110664 -> 
  custom:audio-encoder-webm-vorbis: bf7c407c2cedff20999df2af8eb42d56 -> 
  custom:framework-win-MediaFoundation: 216162199b28c13a410421893ffa2e32 -> 
  custom:container-demuxer-ogg: 62fdf1f143b41e24485cea50d1cbac27 -> 
  custom:video-decoder-webm-vp8: 9c59270c3fd7afecdb556c50c9e8de78 -> 
  custom:audio-decoder-ogg-vorbis: bf7c407c2cedff20999df2af8eb42d56 -> 
========================================================================
Received Import Request.
  Time since last request: 21.594017 seconds.
  path: Assets/MobaGame/GamePrefabs/Jungle/Harpy/Harpy01 .prefab
  artifactKey: Guid(39b5c570e80413b4eb83480e5e0a6a84) Importer(815301076,1909f56bfc062723c751e8b465ee728b)
Start importing Assets/MobaGame/GamePrefabs/Jungle/Harpy/Harpy01 .prefab using Guid(39b5c570e80413b4eb83480e5e0a6a84) Importer(815301076,1909f56bfc062723c751e8b465ee728b)  -> (artifact id: '2fe6fd12295ce52178f6040ad600f50a') in 0.062425 seconds 
========================================================================
Received Import Request.
  Time since last request: 7.993096 seconds.
  path: Assets/MobaGame/GamePrefabs/Jungle/Harpy/Harpy01 .prefab
  artifactKey: Guid(39b5c570e80413b4eb83480e5e0a6a84) Importer(815301076,1909f56bfc062723c751e8b465ee728b)
Start importing Assets/MobaGame/GamePrefabs/Jungle/Harpy/Harpy01 .prefab using Guid(39b5c570e80413b4eb83480e5e0a6a84) Importer(815301076,1909f56bfc062723c751e8b465ee728b)  -> (artifact id: '69297cd4e7b563a3e64a8d11b7aa1b1f') in 0.017526 seconds 
========================================================================
Received Prepare
Registering precompiled user dll's ...
Registered in 0.002742 seconds.
Begin MonoManager ReloadAssembly
Symbol file LoadedFromMemory doesn't match image D:\Inside Dark Studios\De 0\MOBA\My project\Library\PackageCache\com.unity.visualscripting@1.7.8\Editor\VisualScripting.Core\Dependencies\YamlDotNet\Unity.VisualScripting.YamlDotNet.dll
Symbol file LoadedFromMemory doesn't match image D:\Inside Dark Studios\De 0\MOBA\My project\Library\PackageCache\com.unity.visualscripting@1.7.8\Editor\VisualScripting.Core\Dependencies\DotNetZip\Unity.VisualScripting.IonicZip.dll
Native extension for WindowsStandalone target not found
Native extension for WebGL target not found
Refreshing native plugins compatible for Editor in 0.79 ms, found 3 plugins.
Preloading 0 native plugins for Editor in 0.00 ms.
Mono: successfully reloaded assembly
- Completed reload, in  0.726 seconds
Domain Reload Profiling:
	ReloadAssembly (726ms)
		BeginReloadAssembly (103ms)
			ExecutionOrderSort (0ms)
			DisableScriptedObjects (3ms)
			BackupInstance (0ms)
			ReleaseScriptingObjects (0ms)
			CreateAndSetChildDomain (31ms)
		EndReloadAssembly (556ms)
			LoadAssemblies (57ms)
			RebuildTransferFunctionScriptingTraits (0ms)
			SetupTypeCache (188ms)
			ReleaseScriptCaches (1ms)
			RebuildScriptCaches (27ms)
			SetupLoadedEditorAssemblies (253ms)
				LogAssemblyErrors (0ms)
				InitializePlatformSupportModulesInManaged (10ms)
				SetLoadedEditorAssemblies (0ms)
				RefreshPlugins (1ms)
				BeforeProcessingInitializeOnLoad (44ms)
				ProcessInitializeOnLoadAttributes (172ms)
				ProcessInitializeOnLoadMethodAttributes (19ms)
				AfterProcessingInitializeOnLoad (6ms)
				EditorAssembliesLoaded (0ms)
			ExecutionOrderSort2 (0ms)
			AwakeInstancesAfterBackupRestoration (4ms)
Platform modules already initialized, skipping
Refreshing native plugins compatible for Editor in 1.94 ms, found 3 plugins.
Preloading 0 native plugins for Editor in 0.00 ms.
Unloading 3876 Unused Serialized files (Serialized files now loaded: 0)
Unloading 19 unused Assets / (24.7 KB). Loaded Objects now: 4460.
Memory consumption went from 249.3 MB to 249.2 MB.
Total: 2.751900 ms (FindLiveObjects: 0.267700 ms CreateObjectMapping: 0.082400 ms MarkObjects: 2.377100 ms  DeleteObjects: 0.023900 ms)

AssetImportParameters requested are different than current active one (requested -> active):
  custom:video-decoder-ogg-theora: a1e56fd34408186e4bbccfd4996cb3dc -> 
  custom:container-muxer-webm: aa71ff27fc2769a1b78a27578f13a17b -> 
  custom:container-demuxer-webm: 4f35f7cbe854078d1ac9338744f61a02 -> 
  custom:video-encoder-webm-vp8: eb34c28f22e8b96e1ab97ce403110664 -> 
  custom:audio-encoder-webm-vorbis: bf7c407c2cedff20999df2af8eb42d56 -> 
  custom:framework-win-MediaFoundation: 216162199b28c13a410421893ffa2e32 -> 
  custom:container-demuxer-ogg: 62fdf1f143b41e24485cea50d1cbac27 -> 
  custom:video-decoder-webm-vp8: 9c59270c3fd7afecdb556c50c9e8de78 -> 
  custom:audio-decoder-ogg-vorbis: bf7c407c2cedff20999df2af8eb42d56 -> 
========================================================================
Received Import Request.
  Time since last request: 22.720914 seconds.
  path: Assets/MobaGame/GamePrefabs/Jungle/Harpy/Harpy01 .prefab
  artifactKey: Guid(39b5c570e80413b4eb83480e5e0a6a84) Importer(815301076,1909f56bfc062723c751e8b465ee728b)
Start importing Assets/MobaGame/GamePrefabs/Jungle/Harpy/Harpy01 .prefab using Guid(39b5c570e80413b4eb83480e5e0a6a84) Importer(815301076,1909f56bfc062723c751e8b465ee728b)  -> (artifact id: 'ed0b7cfbc6d57dd30e612e97a47cf598') in 0.063108 seconds 
========================================================================
Received Prepare
Registering precompiled user dll's ...
Registered in 0.002682 seconds.
Begin MonoManager ReloadAssembly
Symbol file LoadedFromMemory doesn't match image D:\Inside Dark Studios\De 0\MOBA\My project\Library\PackageCache\com.unity.visualscripting@1.7.8\Editor\VisualScripting.Core\Dependencies\YamlDotNet\Unity.VisualScripting.YamlDotNet.dll
Symbol file LoadedFromMemory doesn't match image D:\Inside Dark Studios\De 0\MOBA\My project\Library\PackageCache\com.unity.visualscripting@1.7.8\Editor\VisualScripting.Core\Dependencies\DotNetZip\Unity.VisualScripting.IonicZip.dll
Native extension for WindowsStandalone target not found
Native extension for WebGL target not found
Refreshing native plugins compatible for Editor in 1.01 ms, found 3 plugins.
Preloading 0 native plugins for Editor in 0.00 ms.
Mono: successfully reloaded assembly
- Completed reload, in  0.734 seconds
Domain Reload Profiling:
	ReloadAssembly (735ms)
		BeginReloadAssembly (107ms)
			ExecutionOrderSort (0ms)
			DisableScriptedObjects (4ms)
			BackupInstance (0ms)
			ReleaseScriptingObjects (0ms)
			CreateAndSetChildDomain (32ms)
		EndReloadAssembly (560ms)
			LoadAssemblies (59ms)
			RebuildTransferFunctionScriptingTraits (0ms)
			SetupTypeCache (181ms)
			ReleaseScriptCaches (1ms)
			RebuildScriptCaches (26ms)
			SetupLoadedEditorAssemblies (267ms)
				LogAssemblyErrors (0ms)
				InitializePlatformSupportModulesInManaged (10ms)
				SetLoadedEditorAssemblies (0ms)
				RefreshPlugins (1ms)
				BeforeProcessingInitializeOnLoad (43ms)
				ProcessInitializeOnLoadAttributes (185ms)
				ProcessInitializeOnLoadMethodAttributes (21ms)
				AfterProcessingInitializeOnLoad (6ms)
				EditorAssembliesLoaded (0ms)
			ExecutionOrderSort2 (0ms)
			AwakeInstancesAfterBackupRestoration (5ms)
Platform modules already initialized, skipping
Refreshing native plugins compatible for Editor in 1.95 ms, found 3 plugins.
Preloading 0 native plugins for Editor in 0.00 ms.
Unloading 3876 Unused Serialized files (Serialized files now loaded: 0)
Unloading 19 unused Assets / (24.8 KB). Loaded Objects now: 4463.
Memory consumption went from 249.3 MB to 249.3 MB.
Total: 2.751300 ms (FindLiveObjects: 0.267600 ms CreateObjectMapping: 0.098700 ms MarkObjects: 2.367800 ms  DeleteObjects: 0.016700 ms)

AssetImportParameters requested are different than current active one (requested -> active):
  custom:video-decoder-ogg-theora: a1e56fd34408186e4bbccfd4996cb3dc -> 
  custom:container-muxer-webm: aa71ff27fc2769a1b78a27578f13a17b -> 
  custom:container-demuxer-webm: 4f35f7cbe854078d1ac9338744f61a02 -> 
  custom:video-encoder-webm-vp8: eb34c28f22e8b96e1ab97ce403110664 -> 
  custom:audio-encoder-webm-vorbis: bf7c407c2cedff20999df2af8eb42d56 -> 
  custom:framework-win-MediaFoundation: 216162199b28c13a410421893ffa2e32 -> 
  custom:container-demuxer-ogg: 62fdf1f143b41e24485cea50d1cbac27 -> 
  custom:video-decoder-webm-vp8: 9c59270c3fd7afecdb556c50c9e8de78 -> 
  custom:audio-decoder-ogg-vorbis: bf7c407c2cedff20999df2af8eb42d56 -> 
========================================================================
Received Import Request.
  Time since last request: 33.181279 seconds.
  path: Assets/MobaGame/GamePrefabs/Jungle/Harpy/Harpy01 .prefab
  artifactKey: Guid(39b5c570e80413b4eb83480e5e0a6a84) Importer(815301076,1909f56bfc062723c751e8b465ee728b)
Start importing Assets/MobaGame/GamePrefabs/Jungle/Harpy/Harpy01 .prefab using Guid(39b5c570e80413b4eb83480e5e0a6a84) Importer(815301076,1909f56bfc062723c751e8b465ee728b)  -> (artifact id: 'bc913fc83048faa510b2cd5c131939e1') in 0.062798 seconds 
========================================================================
Received Prepare
Registering precompiled user dll's ...
Registered in 0.002759 seconds.
Begin MonoManager ReloadAssembly
Symbol file LoadedFromMemory doesn't match image D:\Inside Dark Studios\De 0\MOBA\My project\Library\PackageCache\com.unity.visualscripting@1.7.8\Editor\VisualScripting.Core\Dependencies\YamlDotNet\Unity.VisualScripting.YamlDotNet.dll
Symbol file LoadedFromMemory doesn't match image D:\Inside Dark Studios\De 0\MOBA\My project\Library\PackageCache\com.unity.visualscripting@1.7.8\Editor\VisualScripting.Core\Dependencies\DotNetZip\Unity.VisualScripting.IonicZip.dll
Native extension for WindowsStandalone target not found
Native extension for WebGL target not found
Refreshing native plugins compatible for Editor in 0.98 ms, found 3 plugins.
Preloading 0 native plugins for Editor in 0.00 ms.
Mono: successfully reloaded assembly
- Completed reload, in  0.731 seconds
Domain Reload Profiling:
	ReloadAssembly (732ms)
		BeginReloadAssembly (103ms)
			ExecutionOrderSort (0ms)
			DisableScriptedObjects (3ms)
			BackupInstance (0ms)
			ReleaseScriptingObjects (0ms)
			CreateAndSetChildDomain (32ms)
		EndReloadAssembly (562ms)
			LoadAssemblies (56ms)
			RebuildTransferFunctionScriptingTraits (0ms)
			SetupTypeCache (178ms)
			ReleaseScriptCaches (1ms)
			RebuildScriptCaches (27ms)
			SetupLoadedEditorAssemblies (268ms)
				LogAssemblyErrors (0ms)
				InitializePlatformSupportModulesInManaged (10ms)
				SetLoadedEditorAssemblies (0ms)
				RefreshPlugins (1ms)
				BeforeProcessingInitializeOnLoad (44ms)
				ProcessInitializeOnLoadAttributes (180ms)
				ProcessInitializeOnLoadMethodAttributes (25ms)
				AfterProcessingInitializeOnLoad (7ms)
				EditorAssembliesLoaded (0ms)
			ExecutionOrderSort2 (0ms)
			AwakeInstancesAfterBackupRestoration (6ms)
Platform modules already initialized, skipping
Refreshing native plugins compatible for Editor in 1.97 ms, found 3 plugins.
Preloading 0 native plugins for Editor in 0.00 ms.
Unloading 3876 Unused Serialized files (Serialized files now loaded: 0)
Unloading 19 unused Assets / (24.7 KB). Loaded Objects now: 4466.
Memory consumption went from 249.3 MB to 249.3 MB.
Total: 2.712800 ms (FindLiveObjects: 0.260600 ms CreateObjectMapping: 0.078800 ms MarkObjects: 2.354200 ms  DeleteObjects: 0.018500 ms)

AssetImportParameters requested are different than current active one (requested -> active):
  custom:video-decoder-ogg-theora: a1e56fd34408186e4bbccfd4996cb3dc -> 
  custom:container-muxer-webm: aa71ff27fc2769a1b78a27578f13a17b -> 
  custom:container-demuxer-webm: 4f35f7cbe854078d1ac9338744f61a02 -> 
  custom:video-encoder-webm-vp8: eb34c28f22e8b96e1ab97ce403110664 -> 
  custom:audio-encoder-webm-vorbis: bf7c407c2cedff20999df2af8eb42d56 -> 
  custom:framework-win-MediaFoundation: 216162199b28c13a410421893ffa2e32 -> 
  custom:container-demuxer-ogg: 62fdf1f143b41e24485cea50d1cbac27 -> 
  custom:video-decoder-webm-vp8: 9c59270c3fd7afecdb556c50c9e8de78 -> 
  custom:audio-decoder-ogg-vorbis: bf7c407c2cedff20999df2af8eb42d56 -> 
